2015-08-27T00:00, Bronx, 30.0, Brooklyn, 30.0, Nassau County, 26.785714285714285, Rockland County, 20.0, Westchester, 16.666666666666668, Queens, 13.75, Manhattan, 11.666666666666666
2015-09-03T00:00, Rockland County, 26.11111111111111, Brooklyn, 24.4, New Jersey, 24.444444444444443, Bronx, 21.392156862745097, Westchester, 21.03030303030303, Staten Island, 21.666666666666668, Nassau County, 20.625, Manhattan, 21.55944055944056, Queens, 18.95
2015-09-10T00:00, Rockland County, 26.666666666666668, Westchester, 26.38235294117647, Nassau County, 26.4, Brooklyn, 23.452380952380953, Manhattan, 22.1859756097561, Queens, 22.167300380228138, Bronx, 18.220551378446114, Staten Island, 16.436893203883496, New Jersey, 13.333333333333334
2015-09-17T00:00, Rockland County, 35.833333333333336, All Boroughs, 33.0, Nassau County, 29.03846153846154, Brooklyn, 26.302395209580837, Westchester, 23.88888888888889, Manhattan, 21.53688524590164, Queens, 20.099009900990097, New Jersey, 17.5, Bronx, 15.980506822612085, Staten Island, 16.062992125984252
2015-09-24T00:00, Rockland County, 31.818181818181817, All Boroughs, 31.25, New Jersey, 30.0, Brooklyn, 25.667701863354036, Westchester, 25.024390243902438, Queens, 22.77292576419214, Manhattan, 21.253521126760564, Nassau County, 18.928571428571427, Bronx, 16.415011037527595, Staten Island, 14.4375
2015-10-01T00:00, All Boroughs, 33.75, Connecticut, 30.0, Brooklyn, 26.35904255319149, Nassau County, 26.041666666666668, Westchester, 22.584269662921347, Manhattan, 20.90751445086705, Queens, 21.245791245791246, Bronx, 17.175862068965518, Staten Island, 15.961538461538462, Rockland County, 12.5, New Jersey, 7.5
2015-10-08T00:00, All Boroughs, 25.76923076923077, Rockland County, 23.88888888888889, Westchester, 23.75, New Jersey, 24.705882352941178, Brooklyn, 22.433179723502302, Queens, 21.255972696245735, Nassau County, 18.055555555555557, Manhattan, 18.840304182509506, Bronx, 16.522875816993466, Staten Island, 11.47887323943662
2015-10-15T00:00, All Boroughs, 36.0, Nassau County, 28.47826086956522, Queens, 24.836575875486382, Brooklyn, 21.389221556886227, Manhattan, 22.08994708994709, Westchester, 19.375, Rockland County, 17.142857142857142, Bronx, 16.08469055374593, New Jersey, 17.0, Staten Island, 16.176470588235293
2015-10-22T00:00, Connecticut, 30.0, All Boroughs, 30.0, Rockland County, 26.666666666666668, Brooklyn, 24.05893536121673, Nassau County, 24.857142857142858, Queens, 21.464497041420117, Westchester, 19.302325581395348, Manhattan, 20.302222222222223, Bronx, 15.995652173913044, Staten Island, 15.404040404040405, New Jersey, 6.923076923076923
2015-10-29T00:00, Connecticut, 35.0, All Boroughs, 35.0, Nassau County, 32.03125, Rockland County, 29.166666666666668, Brooklyn, 21.733333333333334, Manhattan, 22.281690140845072, Westchester, 20.678571428571427, Queens, 18.417840375586856, Bronx, 16.426136363636363, Staten Island, 13.135593220338983, New Jersey, 11.0
2015-11-05T00:00, All Boroughs, 29.285714285714285, Nassau County, 28.529411764705884, Rockland County, 27.166666666666668, Brooklyn, 22.89198606271777, Queens, 20.5765306122449, Manhattan, 20.597333333333335, Westchester, 17.659574468085108, Bronx, 15.564606741573034, Staten Island, 15.79245283018868, New Jersey, 10.0
2015-11-12T00:00, All Boroughs, 26.666666666666668, Nassau County, 23.548387096774192, Brooklyn, 24.15740740740741, Manhattan, 23.04705882352941, Queens, 20.61023622047244, Bronx, 16.959745762711865, Rockland County, 16.666666666666668, Westchester, 17.36842105263158, Staten Island, 17.608695652173914, New Jersey, 15.555555555555555
2015-11-19T00:00, All Boroughs, 32.5, Brooklyn, 24.480369515011546, Nassau County, 22.5, Rockland County, 21.5, New Jersey, 21.0, Queens, 20.899563318777293, Manhattan, 20.811274509803923, Bronx, 16.852097130242825, Westchester, 15.444444444444445, Staten Island, 16.057692307692307
2015-11-26T00:00, Nassau County, 32.1875, All Boroughs, 30.714285714285715, Rockland County, 25.142857142857142, Brooklyn, 21.161585365853657, Queens, 21.3302752293578, Manhattan, 20.825174825174827, Westchester, 19.0, Bronx, 17.65558912386707, Staten Island, 15.208333333333334, New Jersey, 9.0
2015-12-03T00:00, All Boroughs, 35.0, Brooklyn, 22.479338842975206, Connecticut, 20.0, Manhattan, 19.871853546910756, Queens, 18.363247863247864, Bronx, 17.316702819956618, Westchester, 18.235294117647058, Nassau County, 16.4, Staten Island, 16.103448275862068, Rockland County, 13.75, New Jersey, 13.947368421052632
2015-12-10T00:00, Westchester, 37.55555555555556, All Boroughs, 32.142857142857146, Nassau County, 24.210526315789473, Manhattan, 23.886925795053003, Brooklyn, 22.09692671394799, Queens, 18.365853658536587, Bronx, 16.031936127744512, Staten Island, 16.0, New Jersey, 13.571428571428571, Rockland County, 0.0
2015-12-17T00:00, Nassau County, 31.5625, All Boroughs, 27.5, Brooklyn, 27.0126582278481, New Jersey, 23.333333333333332, Manhattan, 20.380434782608695, Queens, 20.488372093023255, Bronx, 18.56561085972851, Rockland County, 16.5, Staten Island, 16.62962962962963, Westchester, 15.0
2015-12-24T00:00, Manhattan, 20.0, Brooklyn, 20.0, Queens, 17.5, New Jersey, 15.0, Bronx, 10.0
2015-12-31T00:00, All Boroughs, 43.333333333333336, Queens, 26.34441087613293, Nassau County, 22.75, Brooklyn, 23.579710144927535, Manhattan, 22.254335260115607, Bronx, 17.799392097264437, Westchester, 18.51851851851852, Staten Island, 16.428571428571427, New Jersey, 5.0
2016-01-07T00:00, Nassau County, 29.166666666666668, All Boroughs, 30.0, Brooklyn, 24.23093220338983, Manhattan, 22.043478260869566, Queens, 19.340579710144926, Rockland County, 18.333333333333332, Bronx, 17.24484536082474, Westchester, 17.06896551724138, New Jersey, 13.75, Staten Island, 13.6875
2016-01-14T00:00, Nassau County, 32.63157894736842, All Boroughs, 26.666666666666668, Brooklyn, 24.660194174757283, Queens, 21.830708661417322, Rockland County, 20.0, New Jersey, 20.0, Manhattan, 20.315533980582526, Staten Island, 18.840579710144926, Westchester, 16.857142857142858, Bronx, 15.24188790560472
2016-01-21T00:00, Nassau County, 49.6551724137931, Rockland County, 38.75, Brooklyn, 33.7741456166419, Staten Island, 30.865800865800868, Queens, 29.76391554702495, Bronx, 28.391540130151842, All Boroughs, 26.11111111111111, Connecticut, 25.0, Manhattan, 24.58987341772152, Westchester, 22.53968253968254, New Jersey, 17.22222222222222
2016-01-28T00:00, Rockland County, 26.0, All Boroughs, 26.666666666666668, Nassau County, 22.083333333333332, Queens, 21.779026217228463, Manhattan, 22.285223367697593, Brooklyn, 23.245179063360883, Westchester, 21.607142857142858, Bronx, 16.85370741482966, New Jersey, 16.875, Connecticut, 15.0, Staten Island, 10.64935064935065
2016-02-04T00:00, Rockland County, 33.333333333333336, Connecticut, 28.333333333333332, All Boroughs, 24.0, New Jersey, 24.615384615384617, Brooklyn, 24.58371040723982, Queens, 21.914634146341463, Bronx, 18.32080200501253, Manhattan, 18.96014492753623, Nassau County, 16.666666666666668, Staten Island, 16.129032258064516, Westchester, 15.217391304347826
2016-02-11T00:00, Rockland County, 30.0, New Jersey, 28.333333333333332, Brooklyn, 24.296875, Manhattan, 20.698630136986303, Nassau County, 18.636363636363637, Queens, 19.61864406779661, Westchester, 19.285714285714285, Bronx, 16.374301675977655, Connecticut, 15.0, Staten Island, 15.8
2016-02-18T00:00, Brooklyn, 26.581560283687942, All Boroughs, 25.0, Nassau County, 23.88888888888889, Queens, 24.180790960451976, Manhattan, 22.35978835978836, Westchester, 19.054054054054053, Rockland County, 17.5, New Jersey, 17.142857142857142, Bronx, 15.826839826839826, Staten Island, 13.962264150943396
2016-02-25T00:00, Rockland County, 38.333333333333336, All Boroughs, 27.5, Brooklyn, 26.72205438066465, Nassau County, 25.526315789473685, Manhattan, 21.1328125, Queens, 21.975806451612904, New Jersey, 20.0, Connecticut, 20.0, Westchester, 19.7, Bronx, 17.285285285285287, Staten Island, 12.5
2016-03-03T00:00, All Boroughs, 30.0, New Jersey, 24.09090909090909, Nassau County, 25.0, Brooklyn, 25.538666666666668, Manhattan, 21.38427947598253, Rockland County, 20.0, Queens, 19.879227053140095, Staten Island, 19.1, Bronx, 15.9472049689441, Westchester, 16.770833333333332
2016-03-10T00:00, All Boroughs, 26.666666666666668, Nassau County, 25.25, Brooklyn, 24.46875, Rockland County, 22.22222222222222, Manhattan, 22.32075471698113, Queens, 21.990291262135923, New Jersey, 19.166666666666668, Bronx, 17.271186440677965, Westchester, 17.04225352112676, Connecticut, 15.0, Staten Island, 12.066666666666666
2016-03-17T00:00, Brooklyn, 24.910761154855642, Rockland County, 22.5, Nassau County, 21.53846153846154, New Jersey, 22.142857142857142, Bronx, 19.80110497237569, All Boroughs, 20.0, Manhattan, 19.931506849315067, Westchester, 20.853658536585368, Queens, 19.572222222222223, Connecticut, 15.0, Staten Island, 12.036363636363637
2016-03-24T00:00, All Boroughs, 40.0, Rockland County, 30.0, New Jersey, 30.0, Nassau County, 27.1875, Brooklyn, 27.75728155339806, Queens, 25.54421768707483, Manhattan, 21.91275167785235, Westchester, 20.0, Bronx, 17.166666666666668, Staten Island, 12.678571428571429
2016-03-31T00:00, Rockland County, 28.333333333333332, Brooklyn, 26.1318407960199, Queens, 23.016528925619834, All Boroughs, 21.428571428571427, Nassau County, 21.52173913043478, Manhattan, 21.811023622047244, New Jersey, 18.571428571428573, Westchester, 18.26086956521739, Bronx, 15.793367346938776, Staten Island, 15.74468085106383
2016-04-07T00:00, Connecticut, 30.0, Nassau County, 25.263157894736842, Brooklyn, 24.214084507042255, Rockland County, 21.0, Queens, 21.22488038277512, Manhattan, 20.958990536277604, Bronx, 18.194594594594594, New Jersey, 19.0, All Boroughs, 17.5, Staten Island, 16.425531914893618, Westchester, 17.27777777777778
2016-04-14T00:00, New Jersey, 73.0, All Boroughs, 42.5, Brooklyn, 25.144549763033176, Rockland County, 22.5, Manhattan, 20.829787234042552, Queens, 21.2882096069869, Nassau County, 19.11764705882353, Bronx, 16.430340557275542, Staten Island, 15.0, Westchester, 15.843137254901961
2016-04-21T00:00, All Boroughs, 30.0, Brooklyn, 27.272727272727273, Rockland County, 25.0, Queens, 22.76595744680851, Manhattan, 21.45299145299145, Staten Island, 21.428571428571427, Westchester, 20.238095238095237, Nassau County, 19.166666666666668, Bronx, 16.195121951219512, New Jersey, 15.0
2016-04-28T00:00, All Boroughs, 35.0, Nassau County, 28.695652173913043, Brooklyn, 27.56972111553785, Manhattan, 24.666666666666668, Rockland County, 22.5, New Jersey, 22.142857142857142, Queens, 21.62162162162162, Westchester, 20.423728813559322, Bronx, 18.41635687732342, Staten Island, 15.27027027027027
2016-05-05T00:00, All Boroughs, 34.5, Nassau County, 26.11111111111111, Brooklyn, 26.39367816091954, Rockland County, 25.0, Queens, 21.056910569105693, Manhattan, 21.393939393939394, Westchester, 19.62962962962963, Bronx, 18.330532212885153, New Jersey, 16.666666666666668, Staten Island, 17.555555555555557
2016-05-12T00:00, All Boroughs, 25.833333333333332, Brooklyn, 26.103092783505154, Nassau County, 24.166666666666668, Rockland County, 23.0, Manhattan, 22.38372093023256, New Jersey, 20.0, Queens, 20.592760180995477, Westchester, 20.52, Staten Island, 18.863636363636363, Bronx, 17.420398009950247
2016-05-19T00:00, Brooklyn, 27.30496453900709, Nassau County, 24.473684210526315, New Jersey, 25.0, All Boroughs, 22.5, Westchester, 23.2, Manhattan, 21.386430678466077, Rockland County, 20.0, Queens, 20.305882352941175, Bronx, 17.900677200902933, Staten Island, 16.607843137254903, Connecticut, 10.0
2016-05-26T00:00, Rockland County, 30.0, Brooklyn, 24.965879265091864, Nassau County, 23.333333333333332, Manhattan, 22.900763358778626, Bronx, 18.43223443223443, All Boroughs, 18.333333333333332, Queens, 18.744493392070485, Westchester, 17.82608695652174, Staten Island, 16.558139534883722, New Jersey, 7.777777777777778
2016-06-02T00:00, All Boroughs, 33.333333333333336, Brooklyn, 23.513953488372092, Queens, 21.038961038961038, Manhattan, 21.923076923076923, Rockland County, 18.333333333333332, Nassau County, 17.941176470588236, New Jersey, 18.333333333333332, Westchester, 18.235294117647058, Bronx, 16.33495145631068, Staten Island, 16.333333333333332
2016-06-09T00:00, Brooklyn, 25.81578947368421, Rockland County, 20.0, Manhattan, 20.96969696969697, Queens, 19.67391304347826, Staten Island, 17.8125, Bronx, 16.675675675675677, Westchester, 17.0, New Jersey, 15.833333333333334, Nassau County, 15.263157894736842, All Boroughs, 0.0
2016-06-16T00:00, Nassau County, 26.363636363636363, Rockland County, 22.5, Brooklyn, 22.93877551020408, Manhattan, 21.273291925465838, Bronx, 17.326848249027236, Queens, 18.220858895705522, Connecticut, 15.0, Westchester, 15.555555555555555, New Jersey, 11.666666666666666, Staten Island, 12.391304347826088, All Boroughs, 0.0
2016-06-23T00:00, Rockland County, 30.0, Brooklyn, 27.209150326797385, Manhattan, 25.463768115942027, Westchester, 23.75, Bronx, 17.9126213592233, Nassau County, 18.333333333333332, Queens, 15.0561797752809, Staten Island, 12.916666666666666, All Boroughs, 0.0
2016-06-30T00:00, Brooklyn, 21.906976744186046, Manhattan, 20.61111111111111, Westchester, 20.0, Rockland County, 17.5, Bronx, 18.17721518987342, Queens, 16.20689655172414, Staten Island, 17.142857142857142, All Boroughs, 0.0
2016-07-07T00:00, All Boroughs, 40.0, Staten Island, 28.977272727272727, Rockland County, 22.5, Nassau County, 21.75, Manhattan, 22.607655502392344, Bronx, 18.705882352941178, Queens, 19.052325581395348, Brooklyn, 19.269662921348313, Westchester, 18.333333333333332
2016-07-14T00:00, New Jersey, 45.0, Rockland County, 30.0, Staten Island, 30.0, Manhattan, 25.20258620689655, Brooklyn, 21.88888888888889, Westchester, 20.543478260869566, Bronx, 16.946859903381643, Queens, 16.850931677018632, Nassau County, 14.166666666666666, All Boroughs, 0.0
2016-07-21T00:00, Staten Island, 28.833333333333332, Nassau County, 27.142857142857142, Rockland County, 25.0, Manhattan, 22.638297872340427, Brooklyn, 21.491935483870968, Westchester, 21.70731707317073, Queens, 17.831858407079647, Bronx, 15.502762430939226, All Boroughs, 10.0
2016-07-28T00:00, All Boroughs, 35.0, Staten Island, 30.357142857142858, Brooklyn, 24.083969465648856, Manhattan, 22.86842105263158, Westchester, 20.233333333333334, Rockland County, 18.75, Queens, 19.113636363636363, Bronx, 17.434782608695652, Nassau County, 11.923076923076923
2016-08-04T00:00, Manhattan, 22.25609756097561, Brooklyn, 22.45, Queens, 20.327102803738317, Westchester, 19.523809523809526, Staten Island, 18.42105263157895, Bronx, 16.255172413793105, Rockland County, 15.0, Nassau County, 15.909090909090908
2016-08-11T00:00, Staten Island, 26.875, Manhattan, 25.641025641025642, Queens, 24.076923076923077, Brooklyn, 23.103448275862068, Bronx, 16.50769230769231, Westchester, 14.090909090909092, Nassau County, 10.0
2016-08-18T00:00, Bronx, 45.0, Brooklyn, 37.5, Nassau County, 30.0, Manhattan, 30.0, Queens, 20.0, Westchester, 20.0
2016-08-25T00:00, Westchester, 24.0, Brooklyn, 20.0, Manhattan, 15.0
2016-09-01T00:00, New Jersey, 32.22222222222222, Connecticut, 30.0, Brooklyn, 26.25, Manhattan, 24.215686274509803, Westchester, 22.692307692307693, Bronx, 18.972972972972972, Nassau County, 19.23076923076923, Queens, 17.5, Staten Island, 18.333333333333332, Rockland County, 16.0
2016-09-08T00:00, All Boroughs, 45.0, Rockland County, 29.0, Brooklyn, 27.64516129032258, Manhattan, 26.437158469945356, Connecticut, 23.333333333333332, New Jersey, 22.321428571428573, Westchester, 22.323076923076922, Nassau County, 19.24, Queens, 19.135977337110482, Bronx, 17.194444444444443, Staten Island, 16.472602739726028
2016-09-15T00:00, All Boroughs, 43.333333333333336, Nassau County, 28.91891891891892, Manhattan, 27.86052009456265, Brooklyn, 26.135306553911207, Westchester, 26.53846153846154, New Jersey, 22.17391304347826, Queens, 20.04424778761062, Bronx, 18.889705882352942, Rockland County, 19.055555555555557, Staten Island, 13.168316831683168, Connecticut, 0.0
2016-09-22T00:00, All Boroughs, 37.5, Nassau County, 29.804347826086957, Rockland County, 26.666666666666668, Manhattan, 26.19908466819222, Brooklyn, 26.797101449275363, Westchester, 23.454545454545453, New Jersey, 21.05263157894737, Queens, 20.12012012012012, Bronx, 18.591724137931035, Connecticut, 17.5, Staten Island, 12.94811320754717
2016-09-29T00:00, All Boroughs, 45.0, Nassau County, 33.63636363636363, Rockland County, 31.666666666666668, New Jersey, 28.125, Manhattan, 28.858536585365854, Brooklyn, 28.152173913043477, Westchester, 24.672131147540984, Queens, 18.857988165680474, Bronx, 17.716381418092908, Staten Island, 14.125, Connecticut, 10.0
2016-10-06T00:00, Rockland County, 30.0, Nassau County, 30.476190476190474, Manhattan, 29.248826291079812, Brooklyn, 29.101796407185628, Westchester, 25.0, New Jersey, 20.714285714285715, Queens, 20.28654970760234, Bronx, 18.047619047619047, Staten Island, 16.84931506849315
2016-10-13T00:00, All Boroughs, 35.0, Manhattan, 28.571428571428573, Brooklyn, 26.944444444444443, Nassau County, 25.416666666666668, Westchester, 24.53409090909091, Queens, 22.07017543859649, Bronx, 17.681114551083592, New Jersey, 17.5, Connecticut, 15.0, Staten Island, 13.793103448275861, Rockland County, 5.0
2016-10-20T00:00, Rockland County, 35.714285714285715, Westchester, 36.57534246575342, All Boroughs, 32.5, Brooklyn, 28.759305210918114, Nassau County, 27.5, Manhattan, 27.64406779661017, Queens, 20.91103202846975, New Jersey, 18.0, Bronx, 16.469594594594593, Connecticut, 15.0, Staten Island, 13.407407407407407
2016-10-27T00:00, Westchester, 42.5, All Boroughs, 35.0, New Jersey, 33.18181818181818, Brooklyn, 27.055785123966942, Nassau County, 24.857142857142858, Manhattan, 25.762032085561497, Rockland County, 23.5, Queens, 22.965417867435157, Connecticut, 18.75, Staten Island, 17.330827067669173, Bronx, 15.642414860681114
2016-11-03T00:00, Rockland County, 44.0, Westchester, 38.38709677419355, All Boroughs, 30.0, New Jersey, 26.53846153846154, Brooklyn, 26.817391304347826, Manhattan, 23.649789029535864, Queens, 22.95774647887324, Connecticut, 17.5, Bronx, 17.53361344537815, Nassau County, 15.526315789473685, Staten Island, 15.989583333333334
2016-11-10T00:00, Westchester, 41.93181818181818, All Boroughs, 35.714285714285715, Rockland County, 26.428571428571427, Brooklyn, 25.46067415730337, Manhattan, 24.31081081081081, New Jersey, 20.454545454545453, Nassau County, 21.25, Queens, 20.74585635359116, Bronx, 18.070093457943926, Connecticut, 15.0, Staten Island, 14.709302325581396
2016-11-17T00:00, Westchester, 47.5, Rockland County, 32.5, All Boroughs, 30.0, Nassau County, 25.0, New Jersey, 25.454545454545453, Manhattan, 25.283088235294116, Brooklyn, 26.25515463917526, Queens, 21.106194690265486, Connecticut, 20.0, Bronx, 18.63298969072165, Staten Island, 14.5
2016-11-24T00:00, Westchester, 45.67567567567568, All Boroughs, 35.0, Rockland County, 31.25, New Jersey, 29.166666666666668, Brooklyn, 29.347826086956523, Queens, 27.427884615384617, Manhattan, 23.822314049586776, Nassau County, 21.818181818181817, Bronx, 18.94533762057878, Staten Island, 17.719298245614034
2016-12-01T00:00, Rockland County, 50.45454545454545, Westchester, 44.32098765432099, All Boroughs, 25.0, Staten Island, 25.928571428571427, Brooklyn, 25.421755725190838, Nassau County, 23.80952380952381, Manhattan, 23.538940809968846, Connecticut, 20.0, New Jersey, 20.0, Queens, 20.525525525525527, Bronx, 17.21311475409836
2016-12-08T00:00, Rockland County, 46.666666666666664, Westchester, 40.75, All Boroughs, 36.25, Nassau County, 25.576923076923077, Manhattan, 24.096969696969698, Brooklyn, 23.618705035971225, New Jersey, 21.470588235294116, Queens, 21.725490196078432, Bronx, 16.666666666666668, Staten Island, 16.10576923076923
2016-12-15T00:00, Rockland County, 52.5, Westchester, 42.5, New Jersey, 35.833333333333336, All Boroughs, 36.0, Nassau County, 28.40740740740741, Manhattan, 25.187074829931973, Queens, 23.623003194888177, Brooklyn, 20.84974958263773, Bronx, 17.941712204007285, Staten Island, 15.882352941176471
2016-12-22T00:00, All Boroughs, 30.0, Westchester, 28.75, Manhattan, 26.75925925925926, Nassau County, 20.0, Queens, 19.16949152542373, Brooklyn, 19.621052631578948, Bronx, 16.535714285714285, Staten Island, 10.0, Rockland County, 0.0
2016-12-29T00:00, Westchester, 48.62068965517241, All Boroughs, 40.0, Nassau County, 26.5625, Brooklyn, 27.35777126099707, Manhattan, 25.739436619718308, Queens, 21.131386861313867, Rockland County, 20.0, Bronx, 16.474358974358974, Staten Island, 16.53846153846154, New Jersey, 13.0
2017-01-05T00:00, Westchester, 43.888888888888886, Rockland County, 40.0, All Boroughs, 38.333333333333336, Brooklyn, 26.305841924398624, New Jersey, 22.8125, Nassau County, 23.333333333333332, Queens, 23.247093023255815, Manhattan, 22.14111922141119, Bronx, 18.367847411444142, Staten Island, 17.936842105263157
2017-01-12T00:00, All Boroughs, 45.0, Westchester, 44.89795918367347, New Jersey, 32.666666666666664, Nassau County, 32.5, Manhattan, 24.672897196261683, Brooklyn, 25.256183745583037, Staten Island, 21.39344262295082, Queens, 21.1968085106383, Bronx, 19.88888888888889, Rockland County, 20.0
2017-01-19T00:00, Westchester, 46.666666666666664, Manhattan, 24.88, Brooklyn, 25.486577181208055, Nassau County, 22.916666666666668, Queens, 22.9004329004329, New Jersey, 21.875, Bronx, 19.727540500736378, Rockland County, 20.0, Staten Island, 20.092105263157894
2017-01-26T00:00, Westchester, 47.36734693877551, Rockland County, 44.0, All Boroughs, 30.0, Nassau County, 27.59259259259259, Manhattan, 23.851132686084142, Brooklyn, 23.120805369127517, Staten Island, 22.027027027027028, New Jersey, 19.6875, Connecticut, 19.166666666666668, Bronx, 19.80483870967742, Queens, 17.59051724137931
2017-02-02T00:00, Rockland County, 46.666666666666664, Westchester, 46.470588235294116, Manhattan, 23.6566757493188, Nassau County, 21.666666666666668, Queens, 22.07718120805369, Brooklyn, 21.776765375854215, Connecticut, 20.714285714285715, Staten Island, 19.923076923076923, Bronx, 18.76312247644684, New Jersey, 16.2
2017-02-09T00:00, Rockland County, 45.0, Westchester, 40.1219512195122, Nassau County, 35.57142857142857, Connecticut, 32.5, Queens, 26.836734693877553, Manhattan, 25.336507936507935, Brooklyn, 24.935064935064936, Bronx, 23.09640287769784, New Jersey, 21.904761904761905, Staten Island, 17.426470588235293
2017-02-16T00:00, Westchester, 54.0, Nassau County, 38.75, Brooklyn, 26.269035532994923, New Jersey, 23.333333333333332, Queens, 23.69047619047619, Connecticut, 22.5, Manhattan, 20.53921568627451, Bronx, 18.357798165137616, Staten Island, 17.5, Rockland County, 15.0
2017-02-23T00:00, All Boroughs, 40.0, Rockland County, 40.0, Westchester, 34.2, New Jersey, 30.416666666666668, Queens, 26.0, Brooklyn, 26.17737003058104, Nassau County, 22.63157894736842, Manhattan, 23.25, Bronx, 20.794285714285714, Staten Island, 19.903846153846153, Connecticut, 17.5
2017-03-02T00:00, Westchester, 45.794871794871796, All Boroughs, 40.0, Nassau County, 33.68421052631579, Manhattan, 24.94983277591973, New Jersey, 25.0, Brooklyn, 23.5, Queens, 22.49514563106796, Rockland County, 20.0, Staten Island, 18.475609756097562, Bronx, 18.25635593220339, Connecticut, 15.0
2017-03-09T00:00, Rockland County, 60.0, Westchester, 54.0625, Nassau County, 41.333333333333336, Manhattan, 30.80168776371308, All Boroughs, 30.0, Queens, 28.452488687782804, Brooklyn, 27.34733893557423, Bronx, 25.454545454545453, Staten Island, 20.263157894736842, New Jersey, 17.857142857142858
2017-03-16T00:00, Westchester, 46.48275862068966, Rockland County, 35.0, Nassau County, 29.666666666666668, Brooklyn, 26.46511627906977, Manhattan, 24.643652561247215, All Boroughs, 22.5, Queens, 21.231023102310232, Bronx, 19.00557880055788, Staten Island, 19.03669724770642, New Jersey, 17.916666666666668
2017-03-23T00:00, Westchester, 43.77358490566038, Rockland County, 37.142857142857146, New Jersey, 37.5, Nassau County, 35.0, Brooklyn, 27.055837563451778, Manhattan, 25.122448979591837, All Boroughs, 23.333333333333332, Queens, 21.722689075630253, Bronx, 19.62962962962963, Staten Island, 19.736842105263158, Connecticut, 13.333333333333334
2017-03-30T00:00, Westchester, 40.50617283950617, Nassau County, 33.108108108108105, Manhattan, 26.44607843137255, Brooklyn, 26.812877263581488, New Jersey, 25.434782608695652, Queens, 23.864406779661017, Staten Island, 17.723214285714285, Bronx, 17.471608832807572, Rockland County, 16.25, Connecticut, 15.0
2017-04-06T00:00, Rockland County, 60.0, Westchester, 43.05555555555556, Queens, 25.09259259259259, Brooklyn, 25.198863636363637, Manhattan, 23.05668016194332, Staten Island, 19.25925925925926, Nassau County, 20.0, New Jersey, 19.0, Bronx, 17.0, Connecticut, 0.0
2017-04-13T00:00, Rockland County, 60.0, Westchester, 36.15384615384615, Nassau County, 32.72727272727273, Brooklyn, 28.716814159292035, New Jersey, 25.0, Manhattan, 24.522058823529413, Queens, 23.820224719101123, Connecticut, 20.0, Bronx, 17.857142857142858, Staten Island, 16.53846153846154
2017-04-20T00:00, Westchester, 55.166666666666664, Rockland County, 52.5, All Boroughs, 33.333333333333336, Nassau County, 27.142857142857142, Brooklyn, 27.38811881188119, New Jersey, 25.0, Manhattan, 25.4512, Queens, 21.32758620689655, Connecticut, 20.0, Staten Island, 20.0, Bronx, 18.560229445506693
2017-04-27T00:00, Westchester, 45.0, Connecticut, 35.0, Rockland County, 30.555555555555557, Brooklyn, 25.836158192090394, Manhattan, 22.267241379310345, Queens, 21.943396226415093, Staten Island, 18.333333333333332, Nassau County, 19.166666666666668, Bronx, 16.853159851301115, New Jersey, 15.76923076923077, All Boroughs, 10.0
2017-05-04T00:00, All Boroughs, 50.0, Westchester, 43.333333333333336, Nassau County, 28.42105263157895, Brooklyn, 26.673285198555956, Rockland County, 24.0, Manhattan, 22.564601769911505, Staten Island, 21.33587786259542, Queens, 20.23404255319149, New Jersey, 20.0, Bronx, 18.095238095238095, Connecticut, 15.0
2017-05-11T00:00, Westchester, 41.607142857142854, Nassau County, 32.5, Brooklyn, 26.573556797020483, Rockland County, 25.5, Queens, 23.22222222222222, Manhattan, 21.96759259259259, Connecticut, 22.5, Staten Island, 20.84967320261438, New Jersey, 20.625, Bronx, 18.05076923076923, All Boroughs, 0.0
2017-05-18T00:00, Westchester, 38.01470588235294, Nassau County, 30.208333333333332, All Boroughs, 30.0, Rockland County, 29.375, New Jersey, 25.294117647058822, Manhattan, 25.21832884097035, Brooklyn, 26.20135363790186, Queens, 21.497536945812808, Staten Island, 20.19736842105263, Bronx, 16.503401360544217
2017-05-25T00:00, Westchester, 40.86206896551724, Rockland County, 35.625, Nassau County, 30.0, Manhattan, 26.435452793834298, Brooklyn, 25.46272493573265, New Jersey, 23.214285714285715, Queens, 22.328125, Connecticut, 20.0, Staten Island, 19.439252336448597, Bronx, 18.735224586288417, All Boroughs, 16.666666666666668
2017-06-01T00:00, Westchester, 48.857142857142854, Nassau County, 36.2962962962963, All Boroughs, 30.0, Manhattan, 27.05504587155963, Brooklyn, 26.05504587155963, Queens, 22.177165354330707, New Jersey, 22.916666666666668, Staten Island, 20.265151515151516, Connecticut, 20.0, Bronx, 17.233400402414485, Rockland County, 10.0
2017-06-08T00:00, Rockland County, 60.0, Westchester, 53.125, Nassau County, 27.0, Manhattan, 25.905982905982906, All Boroughs, 25.0, New Jersey, 24.09090909090909, Brooklyn, 23.173076923076923, Staten Island, 19.214285714285715, Queens, 19.783653846153847, Bronx, 18.992248062015506, Connecticut, 15.0
2017-06-15T00:00, Westchester, 36.5, Nassau County, 31.346153846153847, All Boroughs, 30.0, New Jersey, 26.428571428571427, Brooklyn, 26.37883008356546, Manhattan, 25.147679324894515, Queens, 21.448275862068964, Staten Island, 19.05, Bronx, 19.478155339805824
2017-06-22T00:00, Westchester, 72.0, Brooklyn, 29.292929292929294, Manhattan, 25.463320463320464, New Jersey, 23.75, Staten Island, 19.733333333333334, Bronx, 20.570776255707763, Queens, 18.070866141732285, Rockland County, 15.0, Nassau County, 13.75
2017-06-29T00:00, Connecticut, 45.0, New Jersey, 45.0, Staten Island, 29.09090909090909, Rockland County, 30.0, Brooklyn, 29.697674418604652, Westchester, 30.0, Manhattan, 26.03174603174603, Nassau County, 24.0, Queens, 19.375, Bronx, 20.0
2017-07-06T00:00, New Jersey, 45.0, Rockland County, 30.0, Westchester, 28.833333333333332, Manhattan, 25.625, Bronx, 25.02262443438914, Nassau County, 21.5625, Brooklyn, 22.158273381294965, Staten Island, 20.333333333333332, Queens, 18.315217391304348, All Boroughs, 0.0
2017-07-13T00:00, Manhattan, 25.918367346938776, All Boroughs, 25.0, Rockland County, 25.0, Staten Island, 23.928571428571427, Westchester, 24.142857142857142, Nassau County, 21.0, Bronx, 20.825136612021858, Brooklyn, 20.522875816993466, Queens, 18.85593220338983
2017-07-20T00:00, Manhattan, 26.58385093167702, Staten Island, 26.666666666666668, New Jersey, 25.0, Westchester, 25.5, Bronx, 23.017241379310345, Rockland County, 22.5, Queens, 20.904761904761905, Nassau County, 20.666666666666668, Brooklyn, 20.135135135135137
2017-07-27T00:00, Staten Island, 26.11627906976744, Manhattan, 24.452554744525546, Nassau County, 22.142857142857142, Bronx, 22.151162790697676, Brooklyn, 22.404580152671755, Westchester, 22.8125, Queens, 14.24731182795699, Rockland County, 10.0
2017-08-03T00:00, New Jersey, 45.0, Westchester, 30.454545454545453, Manhattan, 22.816901408450704, Staten Island, 22.941176470588236, Bronx, 21.783783783783782, Brooklyn, 20.753424657534246, Queens, 17.872340425531913, Rockland County, 0.0
2017-08-31T00:00, Rockland County, 31.0, New Jersey, 27.0, Manhattan, 23.32608695652174, Queens, 19.625, Westchester, 18.166666666666668, Brooklyn, 18.1, Bronx, 9.0, Nassau County, 8.0, Staten Island, 3.2, Connecticut, 0.0
2017-09-07T00:00, New Jersey, 38.04761904761905, Manhattan, 27.855072463768117, Staten Island, 22.939655172413794, Queens, 21.820224719101123, Brooklyn, 22.1725, Rockland County, 20.666666666666668, Westchester, 18.612244897959183, Nassau County, 15.047619047619047, Bronx, 13.581818181818182
2017-09-14T00:00, New Jersey, 39.9, All Boroughs, 34.0, Manhattan, 29.80562347188264, Westchester, 29.96923076923077, Staten Island, 24.861538461538462, Rockland County, 23.125, Brooklyn, 20.826180257510728, Queens, 19.326612903225808, Nassau County, 18.166666666666668, Connecticut, 16.0, Bronx, 12.25
2017-09-21T00:00, New Jersey, 39.666666666666664, All Boroughs, 31.0, Rockland County, 31.0, Manhattan, 28.76618705035971, Staten Island, 27.144329896907216, Westchester, 27.1875, Nassau County, 23.846153846153847, Queens, 21.280898876404493, Brooklyn, 19.99390243902439, Connecticut, 16.0, Bronx, 11.252032520325203
2017-09-28T00:00, New Jersey, 46.0, Rockland County, 33.0, Manhattan, 28.62636165577342, Westchester, 25.976190476190474, All Boroughs, 22.666666666666668, Staten Island, 22.411458333333332, Brooklyn, 19.358527131782946, Nassau County, 17.666666666666668, Queens, 17.6793893129771, Connecticut, 16.0, Bronx, 10.214132762312634
2017-10-05T00:00, New Jersey, 36.76923076923077, All Boroughs, 28.0, Manhattan, 27.063253012048193, Rockland County, 23.25, Westchester, 19.515151515151516, Nassau County, 17.652173913043477, Brooklyn, 17.657320872274145, Connecticut, 16.0, Queens, 15.819277108433734, Staten Island, 15.427350427350428, Bronx, 10.698412698412698
2017-10-12T00:00, New Jersey, 41.0, Manhattan, 27.471061093247588, Nassau County, 26.35135135135135, Westchester, 26.30666666666667, All Boroughs, 22.0, Staten Island, 18.777142857142856, Brooklyn, 18.502092050209207, Queens, 16.941176470588236, Rockland County, 15.833333333333334, Bronx, 12.161048689138577
2017-10-19T00:00, New Jersey, 46.0, All Boroughs, 33.142857142857146, Manhattan, 26.063613231552164, Westchester, 22.82456140350877, Queens, 19.273885350318473, Staten Island, 17.848484848484848, Nassau County, 15.09375, Brooklyn, 16.03960396039604, Bronx, 12.918505942275042, Rockland County, 0.0
2017-10-26T00:00, New Jersey, 33.0, Manhattan, 26.53180661577608, All Boroughs, 23.375, Nassau County, 19.97222222222222, Rockland County, 20.833333333333332, Brooklyn, 21.790235081374323, Westchester, 20.857142857142858, Connecticut, 19.75, Staten Island, 18.715384615384615, Queens, 15.90625, Bronx, 11.296191819464035
2017-11-02T00:00, New Jersey, 38.5, Nassau County, 25.94736842105263, Manhattan, 25.48148148148148, Rockland County, 23.5, Staten Island, 19.59016393442623, Queens, 17.16891891891892, Connecticut, 16.0, Brooklyn, 16.634328358208954, Westchester, 17.227272727272727, Bronx, 12.789667896678967
2017-11-09T00:00, Westchester, 31.904761904761905, New Jersey, 30.857142857142858, Manhattan, 27.637426900584796, Connecticut, 26.0, Nassau County, 21.2, Queens, 18.10927152317881, All Boroughs, 16.0, Staten Island, 16.602564102564102, Bronx, 14.060661764705882, Brooklyn, 14.905701754385966, Rockland County, 11.363636363636363
2017-11-16T00:00, New Jersey, 34.869565217391305, Connecticut, 31.0, Rockland County, 31.0, Nassau County, 24.235294117647058, Manhattan, 24.93781512605042, Westchester, 22.189655172413794, Queens, 19.114093959731544, Brooklyn, 18.075324675324676, Staten Island, 16.358778625954198, Bronx, 12.666666666666666
2017-11-23T00:00, Connecticut, 31.0, Westchester, 31.967741935483872, Manhattan, 28.232558139534884, Rockland County, 27.25, Nassau County, 21.3125, New Jersey, 22.0, Queens, 21.92274678111588, Staten Island, 19.755555555555556, Brooklyn, 15.959514170040485, Bronx, 13.58130081300813
2017-11-30T00:00, Connecticut, 38.5, New Jersey, 30.75, Westchester, 28.806451612903224, Manhattan, 27.008298755186722, Nassau County, 24.625, Brooklyn, 17.121761658031087, Queens, 15.443965517241379, Staten Island, 14.175182481751825, Bronx, 13.269155206286836, All Boroughs, 0.0
2017-12-07T00:00, New Jersey, 36.0, Connecticut, 31.0, Rockland County, 28.0, Manhattan, 26.22021116138763, Nassau County, 23.565217391304348, Westchester, 22.025974025974026, Staten Island, 17.627906976744185, Brooklyn, 18.120458891013385, Queens, 14.972560975609756, Bronx, 12.389830508474576, All Boroughs, 0.0
2017-12-14T00:00, New Jersey, 34.0, Westchester, 31.784313725490197, Manhattan, 26.67329842931937, All Boroughs, 25.0, Rockland County, 23.5, Connecticut, 24.4375, Nassau County, 20.48936170212766, Brooklyn, 18.635026737967916, Queens, 16.103053435114504, Staten Island, 16.29801324503311, Bronx, 13.618261826182618
2017-12-21T00:00, New Jersey, 36.0, Manhattan, 25.79182156133829, Westchester, 20.41176470588235, Staten Island, 19.28813559322034, Brooklyn, 17.64021164021164, Queens, 15.669565217391304, Rockland County, 15.666666666666666, Connecticut, 16.0, Nassau County, 16.526315789473685, Bronx, 13.158469945355192
2017-12-28T00:00, Rockland County, 61.0, Nassau County, 40.375, New Jersey, 36.0, Westchester, 31.0, All Boroughs, 31.0, Manhattan, 28.88095238095238, Brooklyn, 29.379061371841154, Staten Island, 20.303797468354432, Queens, 19.364864864864863, Bronx, 15.974093264248705
2018-01-04T00:00, Rockland County, 34.111111111111114, Brooklyn, 29.4585289514867, Manhattan, 28.335365853658537, Westchester, 27.871794871794872, New Jersey, 28.857142857142858, Nassau County, 23.06896551724138, Queens, 20.46793349168646, Staten Island, 19.778443113772454, Bronx, 19.714497041420117, Connecticut, 16.0
2018-01-11T00:00, Connecticut, 31.0, Rockland County, 28.0, Manhattan, 25.99381443298969, Brooklyn, 21.97241379310345, Westchester, 22.97222222222222, Nassau County, 22.9375, New Jersey, 20.666666666666668, Staten Island, 15.318840579710145, Queens, 15.176706827309237, Bronx, 14.972136222910217
2018-01-18T00:00, All Boroughs, 46.0, New Jersey, 34.94736842105263, Rockland County, 31.0, Nassau County, 29.414634146341463, Manhattan, 26.13141993957704, Brooklyn, 22.332075471698115, Westchester, 21.32608695652174, Staten Island, 17.849740932642487, Queens, 16.156050955414013, Connecticut, 16.0, Bronx, 12.450819672131148
2018-01-25T00:00, All Boroughs, 46.0, Rockland County, 28.857142857142858, New Jersey, 26.571428571428573, Manhattan, 23.67509727626459, Westchester, 23.75, Brooklyn, 21.610017889087658, Nassau County, 22.225, Queens, 16.125766871165645, Staten Island, 16.376237623762375, Bronx, 10.990253411306043, Connecticut, 0.0
2018-02-01T00:00, New Jersey, 33.142857142857146, Westchester, 30.11111111111111, Manhattan, 23.665768194070083, Rockland County, 23.5, Brooklyn, 20.637931034482758, Staten Island, 18.514705882352942, Queens, 19.511475409836066, Bronx, 16.064814814814813, Connecticut, 16.0, Nassau County, 13.823529411764707
2018-02-08T00:00, Rockland County, 41.0, New Jersey, 27.125, Nassau County, 23.80952380952381, Manhattan, 21.397350993377483, Brooklyn, 22.14219114219114, Queens, 20.07046979865772, Staten Island, 18.266666666666666, Bronx, 16.45134575569358, Connecticut, 16.0, Westchester, 14.583333333333334
2018-02-15T00:00, Nassau County, 27.25, Manhattan, 22.44055944055944, Queens, 22.44736842105263, Bronx, 20.572727272727274, Brooklyn, 21.3, Westchester, 17.72, Staten Island, 16.433333333333334, New Jersey, 16.0
2018-02-22T00:00, New Jersey, 46.0, Rockland County, 34.75, Manhattan, 25.87089715536105, Westchester, 25.0, Nassau County, 24.62162162162162, Brooklyn, 22.56934306569343, Queens, 19.306122448979593, Staten Island, 17.84070796460177, Bronx, 17.7828418230563
2018-03-01T00:00, New Jersey, 41.38461538461539, Rockland County, 31.0, Nassau County, 31.106060606060606, Manhattan, 25.866391184573004, Brooklyn, 22.04153846153846, Staten Island, 19.804347826086957, Bronx, 20.26846846846847, Westchester, 20.57894736842105, Queens, 17.253488372093024
2018-03-08T00:00, New Jersey, 43.0, Rockland County, 29.11111111111111, Manhattan, 25.63191763191763, Nassau County, 25.23728813559322, Queens, 19.571734475374733, Brooklyn, 20.006172839506174, Westchester, 20.88, Staten Island, 16.98443579766537, Bronx, 16.073643410852714
2018-03-15T00:00, Rockland County, 30.11764705882353, Manhattan, 25.723684210526315, New Jersey, 26.0, Brooklyn, 21.598579040852574, Westchester, 22.13888888888889, Nassau County, 22.692307692307693, Staten Island, 17.739436619718308, Bronx, 17.69543973941368, Queens, 16.486013986013987
2018-03-22T00:00, New Jersey, 34.46153846153846, Nassau County, 27.926829268292682, Manhattan, 25.75128205128205, Brooklyn, 25.94984326018809, Queens, 21.554089709762533, Rockland County, 20.4, Bronx, 19.306002928257687, Staten Island, 18.253658536585366, Westchester, 15.806451612903226
2018-03-29T00:00, New Jersey, 36.0, Manhattan, 24.04310344827586, Staten Island, 17.071428571428573, Bronx, 18.02803738317757, Brooklyn, 18.333333333333332, Nassau County, 16.0, Queens, 14.560975609756097, Westchester, 8.0
2018-04-05T00:00, New Jersey, 36.0, Rockland County, 31.0, Westchester, 29.8, Manhattan, 26.329815303430077, Queens, 24.349794238683128, Brooklyn, 24.339805825242717, Nassau County, 20.0, Staten Island, 17.752808988764045, Bronx, 18.40650406504065, All Boroughs, 16.0
2018-04-12T00:00, All Boroughs, 46.0, Westchester, 38.5, New Jersey, 33.6875, Rockland County, 31.0, Manhattan, 27.45718432510885, Brooklyn, 23.86061946902655, Nassau County, 21.94871794871795, Queens, 20.670411985018728, Staten Island, 16.54, Bronx, 15.423001949317738
2018-04-19T00:00, Manhattan, 27.16888888888889, New Jersey, 26.61904761904762, Queens, 24.74041297935103, Brooklyn, 24.800399201596807, Nassau County, 23.652173913043477, Rockland County, 22.0, Westchester, 21.152173913043477, Staten Island, 15.93939393939394, Bronx, 14.354632587859426
2018-04-26T00:00, New Jersey, 37.09090909090909, Manhattan, 26.976070528967256, Rockland County, 26.90909090909091, Westchester, 26.75, Brooklyn, 24.954144620811288, Queens, 23.048022598870055, Nassau County, 22.71153846153846, Staten Island, 16.505, Bronx, 16.753575357535755, Connecticut, 0.0
2018-05-03T00:00, Connecticut, 46.0, Nassau County, 30.113636363636363, Manhattan, 28.23235800344234, New Jersey, 28.875, Rockland County, 26.90909090909091, Brooklyn, 26.059880239520957, Westchester, 25.96078431372549, Queens, 23.878125, Bronx, 17.816091954022987, Staten Island, 16.77987421383648
2018-05-10T00:00, Connecticut, 34.75, New Jersey, 31.0, Rockland County, 28.53846153846154, Manhattan, 27.383018867924527, Brooklyn, 26.133333333333333, Westchester, 25.8, Queens, 24.513353115727003, Nassau County, 24.093023255813954, Bronx, 21.62669245647969, Staten Island, 15.993939393939394
2018-05-17T00:00, Connecticut, 46.0, New Jersey, 35.857142857142854, Rockland County, 30.90909090909091, Manhattan, 26.797598627787306, Brooklyn, 27.148706896551722, Nassau County, 26.340425531914892, Westchester, 25.3125, Queens, 23.705882352941178, Bronx, 22.35304990757856, Staten Island, 16.53804347826087, All Boroughs, 0.0
2018-05-24T00:00, New Jersey, 43.0, Rockland County, 33.5, Westchester, 27.757575757575758, Bronx, 25.860189573459717, Brooklyn, 23.997304582210244, Nassau County, 24.185185185185187, Manhattan, 22.377398720682304, Queens, 22.8, Staten Island, 16.301470588235293
2018-05-31T00:00, Connecticut, 46.0, New Jersey, 44.2, Manhattan, 24.48803827751196, Rockland County, 25.0, Brooklyn, 25.336032388663966, Queens, 23.664893617021278, Bronx, 23.392660550458714, Westchester, 24.176470588235293, Nassau County, 22.07017543859649, Staten Island, 15.858823529411765
2018-06-07T00:00, New Jersey, 36.625, Manhattan, 27.318897637795274, Westchester, 27.78787878787879, Bronx, 25.486140724946694, Rockland County, 25.0, Brooklyn, 25.116666666666667, Queens, 22.033333333333335, Nassau County, 22.25, Staten Island, 17.244094488188978
2018-06-14T00:00, New Jersey, 40.375, Westchester, 32.3, Rockland County, 31.0, Manhattan, 25.457792207792206, Brooklyn, 24.756493506493506, Queens, 23.585365853658537, Bronx, 20.892857142857142, Nassau County, 21.8, Staten Island, 16.5
2018-06-21T00:00, New Jersey, 46.0, Nassau County, 38.5, Rockland County, 31.0, Bronx, 31.95, Manhattan, 28.03125, Brooklyn, 24.90909090909091, Queens, 23.69047619047619, Staten Island, 16.0
2018-08-30T00:00, Rockland County, 46.0, Westchester, 46.0, New Jersey, 31.0, Manhattan, 25.804347826086957, Brooklyn, 22.455128205128204, Queens, 21.426395939086294, Nassau County, 20.85, Staten Island, 18.65277777777778, Bronx, 19.406779661016948
2018-09-06T00:00, Manhattan, 28.121951219512194, Brooklyn, 26.91231732776618, Westchester, 24.27777777777778, New Jersey, 25.153846153846153, Rockland County, 23.25, Nassau County, 21.678571428571427, Queens, 20.545454545454547, All Boroughs, 19.869565217391305, Staten Island, 18.568627450980394, Bronx, 17.9618138424821, Connecticut, 16.0
2018-09-13T00:00, Manhattan, 30.499095840867994, Brooklyn, 23.22452504317789, Westchester, 24.098039215686274, New Jersey, 24.11111111111111, Staten Island, 21.09090909090909, Queens, 19.396825396825395, Bronx, 19.805194805194805, Nassau County, 17.714285714285715, Rockland County, 16.0, All Boroughs, 13.714285714285714
2018-09-20T00:00, Manhattan, 32.579566003616634, New Jersey, 30.88888888888889, Staten Island, 26.54320987654321, Brooklyn, 26.842105263157894, Nassau County, 26.341463414634145, Bronx, 20.972560975609756, Westchester, 19.71212121212121, Queens, 18.619718309859156, Rockland County, 18.307692307692307, All Boroughs, 6.666666666666667, Connecticut, 0.0
2018-09-27T00:00, Manhattan, 33.45708582834332, Brooklyn, 30.120274914089347, New Jersey, 31.0, Nassau County, 30.956521739130434, Staten Island, 27.178571428571427, Queens, 23.224806201550386, Westchester, 22.944444444444443, Bronx, 18.90443686006826, All Boroughs, 5.333333333333333, Connecticut, 0.0
2018-10-04T00:00, Rockland County, 41.0, New Jersey, 34.75, Manhattan, 31.723785166240408, Westchester, 30.181818181818183, Brooklyn, 27.75862068965517, Staten Island, 21.357142857142858, Queens, 19.93617021276596, Bronx, 18.18942731277533, Connecticut, 16.0, Nassau County, 15.5, All Boroughs, 4.0
2018-10-11T00:00, Manhattan, 32.16870876531574, New Jersey, 28.65, Queens, 27.485632183908045, Brooklyn, 22.650963597430408, Nassau County, 23.081632653061224, Staten Island, 21.61904761904762, Bronx, 21.577092511013216, Westchester, 22.296875, Rockland County, 16.0, Connecticut, 0.0
2018-10-18T00:00, Rockland County, 36.0, Manhattan, 33.004804804804806, Nassau County, 28.608695652173914, Brooklyn, 27.07511737089202, New Jersey, 27.666666666666668, Queens, 24.6375, Bronx, 25.005535055350553, Westchester, 24.333333333333332, Staten Island, 20.427419354838708, Connecticut, 19.0, All Boroughs, 8.0
2018-10-25T00:00, Rockland County, 61.0, Connecticut, 41.0, Manhattan, 33.373423044575276, Nassau County, 31.0327868852459, Brooklyn, 27.90709046454768, Queens, 25.356828193832598, Westchester, 25.152542372881356, Bronx, 22.161256544502617, New Jersey, 21.7, Staten Island, 18.78181818181818, All Boroughs, 0.0
2018-11-01T00:00, New Jersey, 38.5, Manhattan, 30.416720674011664, Nassau County, 27.817204301075268, Brooklyn, 25.37546468401487, Bronx, 21.528101802757156, Westchester, 20.67924528301887, Queens, 21.515981735159816, Connecticut, 19.5, Staten Island, 14.745762711864407, Rockland County, 12.6, All Boroughs, 0.0
2018-11-08T00:00, Manhattan, 31.50247831474597, Rockland County, 26.714285714285715, New Jersey, 26.05263157894737, Brooklyn, 25.038732394366196, Nassau County, 23.794392523364486, Bronx, 21.908256880733944, Westchester, 22.5609756097561, Queens, 18.128712871287128, Staten Island, 18.9375, Connecticut, 16.0, All Boroughs, 0.0
2018-11-15T00:00, Connecticut, 46.0, New Jersey, 35.6551724137931, Manhattan, 33.708631378159275, Nassau County, 32.5, Bronx, 28.04130579613591, Brooklyn, 27.120662460567825, Queens, 23.547140649149924, Westchester, 22.262295081967213, Staten Island, 21.807407407407407, Rockland County, 9.2, All Boroughs, 0.0
2018-11-22T00:00, New Jersey, 38.5, Manhattan, 33.09747545582048, Westchester, 30.37037037037037, Connecticut, 31.0, Nassau County, 29.166666666666668, Brooklyn, 25.491039426523297, Bronx, 24.455345911949685, Queens, 21.568807339449542, Staten Island, 14.08955223880597, Rockland County, 10.333333333333334, All Boroughs, 0.0
2018-11-29T00:00, Nassau County, 34.348837209302324, Manhattan, 32.35607476635514, New Jersey, 27.7, Brooklyn, 24.912396694214877, Bronx, 23.65047233468286, Queens, 24.237762237762237, Rockland County, 20.77777777777778, Westchester, 19.73913043478261, Staten Island, 18.96, All Boroughs, 0.0
2018-12-06T00:00, Manhattan, 36.8, Brooklyn, 33.54545454545455, Bronx, 21.11111111111111, Queens, 15.333333333333334
2018-12-13T00:00, Brooklyn, 30.77777777777778, Westchester, 31.0, Bronx, 22.5, Manhattan, 11.75, Queens, 3.2
2018-12-20T00:00, Nassau County, 46.0, Queens, 30.5, Manhattan, 31.0, Bronx, 27.6, Brooklyn, 23.0, Staten Island, 16.0
2018-12-27T00:00, Queens, 46.0, Bronx, 28.333333333333332, Brooklyn, 25.666666666666668
2019-01-03T00:00, Manhattan, 34.422818791946305, Nassau County, 30.454545454545453, New Jersey, 31.0, Bronx, 28.72027972027972, Westchester, 27.0, Brooklyn, 25.12948207171315, Staten Island, 22.677419354838708, Queens, 22.16346153846154, Connecticut, 16.0, Rockland County, 0.0, All Boroughs, 0.0
2019-01-10T00:00, Westchester, 34.17391304347826, Manhattan, 33.30355427473583, New Jersey, 31.0, Bronx, 28.06776180698152, Brooklyn, 26.72682119205298, Nassau County, 25.5, Staten Island, 23.46875, Queens, 19.478991596638654, Rockland County, 9.6, All Boroughs, 0.0
2019-01-17T00:00, Manhattan, 33.00421052631579, Bronx, 28.781902552204176, Westchester, 27.444444444444443, Brooklyn, 25.347826086956523, New Jersey, 24.8, Nassau County, 23.25, Staten Island, 19.6, Queens, 20.25506072874494, Connecticut, 16.0, All Boroughs, 2.6666666666666665, Rockland County, 0.0
2019-01-24T00:00, Manhattan, 33.30485436893204, Rockland County, 31.0, New Jersey, 31.517241379310345, Bronx, 28.8978978978979, Westchester, 28.264705882352942, Nassau County, 27.906666666666666, Brooklyn, 25.99625, Staten Island, 19.878048780487806, Queens, 18.75358851674641, All Boroughs, 0.0, Connecticut, 0.0
2019-01-31T00:00, New Jersey, 38.5, Manhattan, 33.32177531206658, Bronx, 28.847356664184662, Nassau County, 28.77777777777778, Rockland County, 26.0, Queens, 25.412457912457914, Brooklyn, 23.29113924050633, Westchester, 19.535714285714285, Staten Island, 19.063157894736843, All Boroughs, 0.0
2019-02-07T00:00, Rockland County, 49.75, Manhattan, 32.48848920863309, New Jersey, 30.058823529411764, Westchester, 28.81081081081081, Bronx, 27.7960088691796, Brooklyn, 24.322990126939352, Nassau County, 24.903614457831324, Staten Island, 23.75, Queens, 24.31578947368421, All Boroughs, 0.0
2019-02-14T00:00, Manhattan, 33.661764705882355, Nassau County, 31.517241379310345, Bronx, 30.67543859649123, Rockland County, 31.0, Brooklyn, 23.263157894736842, Westchester, 23.818181818181817, Queens, 21.973509933774835, New Jersey, 16.0, Staten Island, 13.571428571428571, All Boroughs, 0.0
2019-02-21T00:00, Rockland County, 31.0, Nassau County, 30.95744680851064, Manhattan, 31.95730918499353, New Jersey, 28.333333333333332, Bronx, 26.473170731707317, Brooklyn, 25.755939524838013, Queens, 25.256140350877192, Westchester, 19.866666666666667, Staten Island, 20.741935483870968, Connecticut, 16.0
2019-02-28T00:00, Rockland County, 36.0, Manhattan, 33.79870729455217, Bronx, 30.052287581699346, New Jersey, 28.333333333333332, Brooklyn, 25.18876755070203, Nassau County, 25.634920634920636, Queens, 25.127604166666668, Westchester, 20.866666666666667, Staten Island, 21.333333333333332, Connecticut, 16.0
2019-03-07T00:00, Westchester, 38.05882352941177, Manhattan, 32.1171096345515, Connecticut, 31.0, Bronx, 30.24867021276596, New Jersey, 25.363636363636363, Brooklyn, 24.008275862068967, Nassau County, 24.511111111111113, Staten Island, 23.153846153846153, Queens, 22.7075, Rockland County, 15.5
2019-03-14T00:00, Rockland County, 61.0, Manhattan, 34.52837977296181, New Jersey, 29.333333333333332, Westchester, 26.428571428571427, Nassau County, 26.542857142857144, Queens, 27.158385093167702, Bronx, 27.816129032258065, Brooklyn, 24.70212765957447, Staten Island, 19.774193548387096, Connecticut, 16.0
2019-03-21T00:00, Manhattan, 33.91778202676864, Westchester, 29.558823529411764, New Jersey, 29.27777777777778, Bronx, 27.367208672086722, Brooklyn, 25.5207182320442, Nassau County, 24.160714285714285, Queens, 23.81029810298103, Staten Island, 20.228571428571428, Connecticut, 15.666666666666666, All Boroughs, 15.5
2019-03-28T00:00, New Jersey, 30.666666666666668, Rockland County, 31.0, Queens, 26.94009216589862, Manhattan, 27.75153374233129, Brooklyn, 26.288177339901477, Bronx, 27.108071135430915, Westchester, 20.52, Staten Island, 19.333333333333332, Nassau County, 20.28846153846154, All Boroughs, 1.6
2019-04-04T00:00, Rockland County, 36.0, New Jersey, 33.142857142857146, Manhattan, 27.186846038863976, Bronx, 25.639949109414758, Brooklyn, 24.35483870967742, Queens, 21.707920792079207, Westchester, 19.555555555555557, Nassau County, 18.181818181818183, Staten Island, 16.863636363636363, All Boroughs, 3.4444444444444446, Connecticut, 0.0
2019-04-11T00:00, Manhattan, 26.78846153846154, New Jersey, 26.0, Brooklyn, 24.304597701149426, Bronx, 25.067484662576685, Staten Island, 19.5, Queens, 19.24390243902439, Nassau County, 20.142857142857142, Rockland County, 16.0, Westchester, 14.0, All Boroughs, 0.0
2019-04-18T00:00, Bronx, 34.75, Queens, 16.0, Manhattan, 15.5
2019-04-25T00:00, Bronx, 23.25, Brooklyn, 19.25, Queens, 16.0
2019-05-02T00:00, Nassau County, 31.0, Bronx, 26.653846153846153, Brooklyn, 18.166666666666668, Staten Island, 16.0, Queens, 15.5, Westchester, 16.0, Manhattan, 10.333333333333334
2019-05-09T00:00, Brooklyn, 36.0, Bronx, 27.40740740740741, Queens, 26.2, Manhattan, 8.857142857142858, Westchester, 0.0
2019-05-16T00:00, Connecticut, 46.0, New Jersey, 29.692307692307693, Manhattan, 27.019893899204245, Bronx, 27.0, Brooklyn, 24.37766830870279, Rockland County, 24.8, Nassau County, 22.732142857142858, Westchester, 21.142857142857142, Staten Island, 21.194805194805195, Queens, 20.90159574468085, All Boroughs, 0.0
2019-05-23T00:00, Nassau County, 26.697674418604652, Bronx, 27.611650485436893, Manhattan, 26.46611570247934, Rockland County, 27.0, Brooklyn, 25.384745762711866, New Jersey, 22.53846153846154, Staten Island, 23.197802197802197, Queens, 20.406779661016948, Westchester, 17.8, Connecticut, 16.0, All Boroughs, 16.0
2019-05-30T00:00, Rockland County, 46.0, Manhattan, 28.390287769784173, Bronx, 26.81619937694704, Brooklyn, 22.50455927051672, Staten Island, 23.433333333333334, Westchester, 20.904761904761905, Nassau County, 21.446428571428573, Queens, 19.15915915915916, New Jersey, 8.0, All Boroughs, 0.0
2019-06-06T00:00, Manhattan, 26.415562913907284, Bronx, 26.340579710144926, Nassau County, 24.61111111111111, Brooklyn, 23.34845360824742, Westchester, 22.07894736842105, Staten Island, 23.01818181818182, Queens, 20.03846153846154, Rockland County, 20.833333333333332, New Jersey, 15.5, All Boroughs, 0.0
2019-06-13T00:00, Connecticut, 31.0, Bronx, 31.134932533733135, Manhattan, 26.900473933649288, Nassau County, 25.85185185185185, Brooklyn, 22.520193861066236, Westchester, 23.06896551724138, New Jersey, 23.5, Staten Island, 22.722772277227723, Queens, 18.512345679012345, Rockland County, 10.5, All Boroughs, 0.0
2019-06-20T00:00, New Jersey, 46.0, Rockland County, 41.0, Bronx, 32.853813559322035, Staten Island, 30.476190476190474, Manhattan, 29.17829457364341, Westchester, 28.0, Brooklyn, 25.564102564102566, Nassau County, 23.097560975609756, Queens, 18.292237442922374, All Boroughs, 0.0
2019-06-27T00:00, Bronx, 37.142857142857146, Brooklyn, 30.666666666666668
2019-08-29T00:00, Manhattan, 31.35211267605634, Queens, 29.636363636363637, Brooklyn, 28.51851851851852, Rockland County, 27.25, New Jersey, 25.31578947368421, Staten Island, 24.571428571428573, Nassau County, 23.245283018867923, Westchester, 19.22222222222222, Bronx, 19.677419354838708, All Boroughs, 0.0
2019-09-05T00:00, Manhattan, 31.481296758104737, Nassau County, 26.450657894736842, Queens, 27.396103896103895, Brooklyn, 24.685032894736842, Staten Island, 24.501742160278745, Bronx, 22.264386989157632, New Jersey, 20.833333333333332, Westchester, 17.574468085106382, Rockland County, 15.6, All Boroughs, 6.333333333333333
2019-09-12T00:00, Manhattan, 32.12327311370882, Westchester, 27.261904761904763, Queens, 27.593220338983052, Nassau County, 25.97887323943662, Brooklyn, 24.766536964980546, Staten Island, 22.13821138211382, New Jersey, 19.833333333333332, Bronx, 19.325581395348838, All Boroughs, 14.0, Rockland County, 0.0
2019-09-19T00:00, Manhattan, 32.99788881069669, New Jersey, 28.761904761904763, Westchester, 26.04123711340206, Queens, 24.322357019064125, Brooklyn, 23.033898305084747, Nassau County, 22.031111111111112, Staten Island, 19.393063583815028, Bronx, 19.756440281030446, Rockland County, 9.4, All Boroughs, 1.7777777777777777
2019-09-26T00:00, Manhattan, 34.11409395973154, New Jersey, 29.11764705882353, Nassau County, 26.78048780487805, Queens, 22.93491124260355, Brooklyn, 23.185255198487713, Westchester, 22.944444444444443, Staten Island, 20.80597014925373, Bronx, 18.158396946564885, All Boroughs, 0.0, Rockland County, 0.0
2019-10-03T00:00, Manhattan, 34.065693430656935, Rockland County, 31.0, Nassau County, 28.44015444015444, Connecticut, 28.0, New Jersey, 22.692307692307693, Brooklyn, 22.846045197740114, Staten Island, 21.70149253731343, Queens, 22.16370808678501, Westchester, 20.314285714285713, Bronx, 18.185136897001303, All Boroughs, 0.0
2019-10-10T00:00, Manhattan, 33.856512141280355, Nassau County, 28.621399176954732, Staten Island, 24.431372549019606, Queens, 22.871794871794872, Brooklyn, 21.352288488210817, Westchester, 21.043478260869566, New Jersey, 20.0, Bronx, 19.258513931888544, Rockland County, 6.4, All Boroughs, 0.0
2019-10-17T00:00, Manhattan, 34.53453689167975, New Jersey, 32.2, Nassau County, 27.59567901234568, Westchester, 24.49397590361446, All Boroughs, 23.25, Queens, 20.446247464503042, Staten Island, 20.339285714285715, Brooklyn, 21.10397196261682, Bronx, 19.149014778325125, Connecticut, 16.0, Rockland County, 0.0
2019-10-24T00:00, Manhattan, 33.875, Nassau County, 26.786206896551725, Westchester, 26.276315789473685, Queens, 24.34512195121951, Staten Island, 21.68888888888889, Brooklyn, 22.118158123370982, Bronx, 19.553418803418804, New Jersey, 17.5, All Boroughs, 11.333333333333334
2019-10-31T00:00, Connecticut, 34.0, Westchester, 34.706422018348626, Manhattan, 30.881132075471697, Nassau County, 26.491525423728813, Queens, 22.61198738170347, Rockland County, 23.5, Brooklyn, 22.677606177606176, New Jersey, 20.0, Staten Island, 20.255102040816325, Bronx, 20.08814887365328, All Boroughs, 11.142857142857142
2019-11-07T00:00, Connecticut, 46.0, Westchester, 39.96610169491525, Manhattan, 32.97952755905512, Nassau County, 26.903225806451612, New Jersey, 23.166666666666668, Queens, 22.87837837837838, Bronx, 21.183098591549296, Brooklyn, 21.693198263386396, Staten Island, 18.194444444444443, Rockland County, 16.0, All Boroughs, 5.166666666666667
2019-11-14T00:00, Manhattan, 32.46391030133147, Westchester, 31.466666666666665, Nassau County, 27.427230046948356, New Jersey, 24.5, Queens, 23.661068702290077, Brooklyn, 23.20149253731343, Bronx, 20.838532110091744, Staten Island, 19.50632911392405, Connecticut, 16.0, Rockland County, 15.5, All Boroughs, 5.333333333333333
