2015-08-27T00:00,  AM: Heavy Traffic, Other, Mechanical Problem; PM: Heavy Traffic, Other, Won`t Start
2015-09-03T00:00,  AM: Heavy Traffic, Other, Mechanical Problem; PM: Delayed by School, Heavy Traffic, Other
2015-09-10T00:00,  AM: Heavy Traffic, Other, Mechanical Problem; PM: Heavy Traffic, Other, Mechanical Problem
2015-09-17T00:00,  AM: Heavy Traffic, Other, Mechanical Problem; PM: Other, Heavy Traffic, Mechanical Problem
2015-09-24T00:00,  AM: Heavy Traffic, Other, Mechanical Problem; PM: Heavy Traffic, Other, Mechanical Problem
2015-10-01T00:00,  AM: Heavy Traffic, Other, Mechanical Problem; PM: Heavy Traffic, Other, Mechanical Problem
2015-10-08T00:00,  AM: Heavy Traffic, Other, Mechanical Problem; PM: Other, Heavy Traffic, Mechanical Problem
2015-10-15T00:00,  AM: Heavy Traffic, Other, Mechanical Problem; PM: Heavy Traffic, Mechanical Problem, Other
2015-10-22T00:00,  AM: Heavy Traffic, Other, Mechanical Problem; PM: Heavy Traffic, Other, Late return from Field Trip
2015-10-29T00:00,  AM: Heavy Traffic, Other, Mechanical Problem; PM: Heavy Traffic, Other, Mechanical Problem
2015-11-05T00:00,  AM: Heavy Traffic, Other, Mechanical Problem; PM: Heavy Traffic, Other, Mechanical Problem
2015-11-12T00:00,  AM: Heavy Traffic, Other, Mechanical Problem; PM: Heavy Traffic, Other, Mechanical Problem
2015-11-19T00:00,  AM: Heavy Traffic, Other, Mechanical Problem; PM: Heavy Traffic, Other, Late return from Field Trip
2015-11-26T00:00,  AM: Heavy Traffic, Other, Weather Conditions; PM: Heavy Traffic, Other, Late return from Field Trip
2015-12-03T00:00,  AM: Heavy Traffic, Other, Mechanical Problem; PM: Heavy Traffic, Other, Mechanical Problem
2015-12-10T00:00,  AM: Heavy Traffic, Other, Mechanical Problem; PM: Heavy Traffic, Mechanical Problem, Other
2015-12-17T00:00,  AM: Heavy Traffic, Other, Mechanical Problem; PM: Heavy Traffic, Other, Late return from Field Trip
2015-12-24T00:00,  AM: Heavy Traffic, Mechanical Problem, Other; PM: Other, Heavy Traffic, Weather Conditions
2015-12-31T00:00,  AM: Heavy Traffic, Other, Mechanical Problem; PM: Mechanical Problem, Heavy Traffic, Other
2016-01-07T00:00,  AM: Heavy Traffic, Other, Mechanical Problem; PM: Heavy Traffic, Mechanical Problem, Other
2016-01-14T00:00,  AM: Heavy Traffic, Other, Mechanical Problem; PM: Heavy Traffic, Mechanical Problem, Won`t Start
2016-01-21T00:00,  AM: Weather Conditions, Heavy Traffic, Other; PM: Heavy Traffic, Mechanical Problem, Other
2016-01-28T00:00,  AM: Heavy Traffic, Other, Mechanical Problem; PM: Heavy Traffic, Other, Mechanical Problem
2016-02-04T00:00,  AM: Heavy Traffic, Weather Conditions, Other; PM: Heavy Traffic, Mechanical Problem, Other
2016-02-11T00:00,  AM: Heavy Traffic, Other, Mechanical Problem; PM: Heavy Traffic, Mechanical Problem, Late return from Field Trip
2016-02-18T00:00,  AM: Heavy Traffic, Other, Mechanical Problem; PM: Heavy Traffic, Other, Mechanical Problem
2016-02-25T00:00,  AM: Heavy Traffic, Other, Mechanical Problem; PM: Heavy Traffic, Other, Mechanical Problem
2016-03-03T00:00,  AM: Heavy Traffic, Other, Mechanical Problem; PM: Other, Heavy Traffic, Mechanical Problem
2016-03-10T00:00,  AM: Heavy Traffic, Other, Mechanical Problem; PM: Heavy Traffic, Other, Late return from Field Trip
2016-03-17T00:00,  AM: Heavy Traffic, Other, Mechanical Problem; PM: Heavy Traffic, Late return from Field Trip, Other
2016-03-24T00:00,  AM: Heavy Traffic, Other, Mechanical Problem; PM: Heavy Traffic, Mechanical Problem, Other
2016-03-31T00:00,  AM: Heavy Traffic, Other, Mechanical Problem; PM: Heavy Traffic, Mechanical Problem, Late return from Field Trip
2016-04-07T00:00,  AM: Heavy Traffic, Other, Mechanical Problem; PM: Heavy Traffic, Late return from Field Trip, Mechanical Problem
2016-04-14T00:00,  AM: Heavy Traffic, Other, Mechanical Problem; PM: Heavy Traffic, Late return from Field Trip, Other
2016-04-21T00:00,  AM: Heavy Traffic, Other, Won`t Start; PM: Heavy Traffic, Late return from Field Trip, Mechanical Problem
2016-04-28T00:00,  AM: Heavy Traffic, Other, Weather Conditions; PM: Heavy Traffic, Late return from Field Trip, Other
2016-05-05T00:00,  AM: Heavy Traffic, Other, Weather Conditions; PM: Heavy Traffic, Late return from Field Trip, Mechanical Problem
2016-05-12T00:00,  AM: Heavy Traffic, Other, Mechanical Problem; PM: Heavy Traffic, Late return from Field Trip, Other
2016-05-19T00:00,  AM: Heavy Traffic, Other, Mechanical Problem; PM: Late return from Field Trip, Heavy Traffic, Other
2016-05-26T00:00,  AM: Heavy Traffic, Other, Mechanical Problem; PM: Heavy Traffic, Late return from Field Trip, Other
2016-06-02T00:00,  AM: Heavy Traffic, Other, Mechanical Problem; PM: Late return from Field Trip, Heavy Traffic, Other
2016-06-09T00:00,  AM: Heavy Traffic, Other, Mechanical Problem; PM: Heavy Traffic, Late return from Field Trip, Mechanical Problem
2016-06-16T00:00,  AM: Heavy Traffic, Other, Mechanical Problem; PM: Heavy Traffic, Mechanical Problem, Other
2016-06-23T00:00,  AM: Heavy Traffic, Other, Mechanical Problem; PM: Heavy Traffic, Mechanical Problem, Other
2016-06-30T00:00,  AM: Heavy Traffic, Other, Mechanical Problem; PM: Mechanical Problem, Heavy Traffic, Other
2016-07-07T00:00,  AM: Heavy Traffic, Other, Mechanical Problem; PM: Heavy Traffic, Won`t Start, Other
2016-07-14T00:00,  AM: Heavy Traffic, Other, Mechanical Problem; PM: Heavy Traffic, Other, Mechanical Problem
2016-07-21T00:00,  AM: Heavy Traffic, Other, Mechanical Problem; PM: Heavy Traffic, Other, Mechanical Problem
2016-07-28T00:00,  AM: Heavy Traffic, Other, Mechanical Problem; PM: Heavy Traffic, Other, Won`t Start
2016-08-04T00:00,  AM: Heavy Traffic, Other, Mechanical Problem; PM: Heavy Traffic, Other, Won`t Start
2016-08-11T00:00,  AM: Heavy Traffic, Other, Mechanical Problem; PM: Heavy Traffic, Other, Won`t Start
2016-08-18T00:00,  AM: Heavy Traffic, Other, Mechanical Problem; PM: Heavy Traffic, Accident, Mechanical Problem
2016-08-25T00:00,  AM: Heavy Traffic, Flat Tire; PM: Flat Tire, Heavy Traffic
2016-09-01T00:00,  AM: Heavy Traffic, Other, Mechanical Problem; PM: Heavy Traffic, Mechanical Problem, Won`t Start
2016-09-08T00:00,  AM: Heavy Traffic, Other, Mechanical Problem; PM: Heavy Traffic, Mechanical Problem, Other
2016-09-15T00:00,  AM: Heavy Traffic, Other, Mechanical Problem; PM: Heavy Traffic, Other, Mechanical Problem
2016-09-22T00:00,  AM: Heavy Traffic, Other, Mechanical Problem; PM: Heavy Traffic, Other, Mechanical Problem
2016-09-29T00:00,  AM: Heavy Traffic, Other, Mechanical Problem; PM: Heavy Traffic, Won`t Start, Mechanical Problem
2016-10-06T00:00,  AM: Heavy Traffic, Other, Mechanical Problem; PM: Heavy Traffic, Other, Won`t Start
2016-10-13T00:00,  AM: Heavy Traffic, Other, Mechanical Problem; PM: Heavy Traffic, Mechanical Problem, Other
2016-10-20T00:00,  AM: Heavy Traffic, Other, Mechanical Problem; PM: Heavy Traffic, Other, Won`t Start
2016-10-27T00:00,  AM: Heavy Traffic, Other, Mechanical Problem; PM: Heavy Traffic, Other, Won`t Start
2016-11-03T00:00,  AM: Heavy Traffic, Other, Mechanical Problem; PM: Heavy Traffic, Other, Mechanical Problem
2016-11-10T00:00,  AM: Heavy Traffic, Other, Mechanical Problem; PM: Heavy Traffic, Mechanical Problem, Other
2016-11-17T00:00,  AM: Heavy Traffic, Other, Mechanical Problem; PM: Heavy Traffic, Mechanical Problem, Other
2016-11-24T00:00,  AM: Heavy Traffic, Other, Mechanical Problem; PM: Heavy Traffic, Late return from Field Trip, Mechanical Problem
2016-12-01T00:00,  AM: Heavy Traffic, Other, Mechanical Problem; PM: Heavy Traffic, Mechanical Problem, Other
2016-12-08T00:00,  AM: Heavy Traffic, Other, Mechanical Problem; PM: Heavy Traffic, Other, Mechanical Problem
2016-12-15T00:00,  AM: Heavy Traffic, Mechanical Problem, Other; PM: Heavy Traffic, Mechanical Problem, Late return from Field Trip
2016-12-22T00:00,  AM: Heavy Traffic, Other, Mechanical Problem; PM: Heavy Traffic, Other, Mechanical Problem
2016-12-29T00:00,  AM: Heavy Traffic, Other, Mechanical Problem; PM: Heavy Traffic, Mechanical Problem, Other
2017-01-05T00:00,  AM: Heavy Traffic, Other, Mechanical Problem; PM: Heavy Traffic, Other, Mechanical Problem
2017-01-12T00:00,  AM: Heavy Traffic, Other, Mechanical Problem; PM: Heavy Traffic, Other, Mechanical Problem
2017-01-19T00:00,  AM: Heavy Traffic, Other, Mechanical Problem; PM: Heavy Traffic, Mechanical Problem, Other
2017-01-26T00:00,  AM: Heavy Traffic, Other, Mechanical Problem; PM: Heavy Traffic, Mechanical Problem, Won`t Start
2017-02-02T00:00,  AM: Heavy Traffic, Other, Mechanical Problem; PM: Heavy Traffic, Mechanical Problem, Other
2017-02-09T00:00,  AM: Heavy Traffic, Weather Conditions, Other; PM: Heavy Traffic, Other, Mechanical Problem
2017-02-16T00:00,  AM: Heavy Traffic, Other, Mechanical Problem; PM: Heavy Traffic, Other, Mechanical Problem
2017-02-23T00:00,  AM: Heavy Traffic, Other, Mechanical Problem; PM: Heavy Traffic, Mechanical Problem, Other
2017-03-02T00:00,  AM: Heavy Traffic, Other, Mechanical Problem; PM: Heavy Traffic, Mechanical Problem, Other
2017-03-09T00:00,  AM: Heavy Traffic, Weather Conditions, Other; PM: Heavy Traffic, Other, Mechanical Problem
2017-03-16T00:00,  AM: Heavy Traffic, Other, Mechanical Problem; PM: Heavy Traffic, Mechanical Problem, Other
2017-03-23T00:00,  AM: Heavy Traffic, Other, Mechanical Problem; PM: Heavy Traffic, Mechanical Problem, Late return from Field Trip
2017-03-30T00:00,  AM: Heavy Traffic, Other, Mechanical Problem; PM: Heavy Traffic, Late return from Field Trip, Mechanical Problem
2017-04-06T00:00,  AM: Heavy Traffic, Mechanical Problem, Other; PM: Heavy Traffic, Late return from Field Trip, Mechanical Problem
2017-04-13T00:00,  AM: Heavy Traffic, Mechanical Problem, Other; PM: Heavy Traffic, Mechanical Problem, Won`t Start
2017-04-20T00:00,  AM: Heavy Traffic, Other, Mechanical Problem; PM: Heavy Traffic, Mechanical Problem, Other
2017-04-27T00:00,  AM: Heavy Traffic, Mechanical Problem, Other; PM: Heavy Traffic, Late return from Field Trip, Mechanical Problem
2017-05-04T00:00,  AM: Heavy Traffic, Other, Mechanical Problem; PM: Heavy Traffic, Mechanical Problem, Late return from Field Trip
2017-05-11T00:00,  AM: Heavy Traffic, Other, Mechanical Problem; PM: Heavy Traffic, Late return from Field Trip, Mechanical Problem
2017-05-18T00:00,  AM: Heavy Traffic, Mechanical Problem, Other; PM: Heavy Traffic, Late return from Field Trip, Mechanical Problem
2017-05-25T00:00,  AM: Heavy Traffic, Other, Mechanical Problem; PM: Heavy Traffic, Late return from Field Trip, Mechanical Problem
2017-06-01T00:00,  AM: Heavy Traffic, Mechanical Problem, Other; PM: Heavy Traffic, Late return from Field Trip, Mechanical Problem
2017-06-08T00:00,  AM: Heavy Traffic, Other, Mechanical Problem; PM: Heavy Traffic, Mechanical Problem, Other
2017-06-15T00:00,  AM: Heavy Traffic, Other, Mechanical Problem; PM: Heavy Traffic, Mechanical Problem, Other
2017-06-22T00:00,  AM: Heavy Traffic, Other, Mechanical Problem; PM: Heavy Traffic, Mechanical Problem, Other
2017-06-29T00:00,  AM: Heavy Traffic, Other, Mechanical Problem; PM: Heavy Traffic, Won`t Start, Other
2017-07-06T00:00,  AM: Heavy Traffic, Other, Mechanical Problem; PM: Heavy Traffic, Other, Won`t Start
2017-07-13T00:00,  AM: Heavy Traffic, Other, Mechanical Problem; PM: Heavy Traffic, Other, Won`t Start
2017-07-20T00:00,  AM: Heavy Traffic, Other, Mechanical Problem; PM: Other, Heavy Traffic, Mechanical Problem
2017-07-27T00:00,  AM: Heavy Traffic, Other, Mechanical Problem; PM: Heavy Traffic, Mechanical Problem, Other
2017-08-03T00:00,  AM: Heavy Traffic, Other, Mechanical Problem; PM: Heavy Traffic, Won`t Start, Mechanical Problem
2017-08-31T00:00,  AM: Heavy Traffic, Other, Mechanical Problem; PM: Heavy Traffic, Other, Won`t Start
2017-09-07T00:00,  AM: Heavy Traffic, Other, Mechanical Problem; PM: Heavy Traffic, Mechanical Problem, Other
2017-09-14T00:00,  AM: Heavy Traffic, Other, Mechanical Problem; PM: Heavy Traffic, Mechanical Problem, Other
2017-09-21T00:00,  AM: Heavy Traffic, Other, Mechanical Problem; PM: Heavy Traffic, Mechanical Problem, Other
2017-09-28T00:00,  AM: Heavy Traffic, Other, Mechanical Problem; PM: Heavy Traffic, Mechanical Problem, Other
2017-10-05T00:00,  AM: Heavy Traffic, Other, Mechanical Problem; PM: Heavy Traffic, Mechanical Problem, Other
2017-10-12T00:00,  AM: Heavy Traffic, Other, Mechanical Problem; PM: Heavy Traffic, Mechanical Problem, Flat Tire
2017-10-19T00:00,  AM: Heavy Traffic, Other, Mechanical Problem; PM: Heavy Traffic, Mechanical Problem, Other
2017-10-26T00:00,  AM: Heavy Traffic, Other, Mechanical Problem; PM: Heavy Traffic, Mechanical Problem, Won`t Start
2017-11-02T00:00,  AM: Heavy Traffic, Other, Mechanical Problem; PM: Heavy Traffic, Mechanical Problem, Other
2017-11-09T00:00,  AM: Heavy Traffic, Other, Mechanical Problem; PM: Heavy Traffic, Other, Mechanical Problem
2017-11-16T00:00,  AM: Heavy Traffic, Other, Mechanical Problem; PM: Heavy Traffic, Mechanical Problem, Late return from Field Trip
2017-11-23T00:00,  AM: Heavy Traffic, Mechanical Problem, Other; PM: Heavy Traffic, Mechanical Problem, Late return from Field Trip
2017-11-30T00:00,  AM: Heavy Traffic, Other, Mechanical Problem; PM: Heavy Traffic, Other, Mechanical Problem
2017-12-07T00:00,  AM: Heavy Traffic, Mechanical Problem, Other; PM: Heavy Traffic, Other, Mechanical Problem
2017-12-14T00:00,  AM: Heavy Traffic, Mechanical Problem, Other; PM: Heavy Traffic, Mechanical Problem, Other
2017-12-21T00:00,  AM: Heavy Traffic, Other, Mechanical Problem; PM: Heavy Traffic, Other, Mechanical Problem
2017-12-28T00:00,  AM: Heavy Traffic, Mechanical Problem, Won`t Start; PM: Heavy Traffic, Mechanical Problem, Other
2018-01-04T00:00,  AM: Heavy Traffic, Weather Conditions, Mechanical Problem; PM: Heavy Traffic, Mechanical Problem, Other
2018-01-11T00:00,  AM: Heavy Traffic, Other, Mechanical Problem; PM: Heavy Traffic, Other, Mechanical Problem
2018-01-18T00:00,  AM: Heavy Traffic, Other, Mechanical Problem; PM: Heavy Traffic, Mechanical Problem, Other
2018-01-25T00:00,  AM: Heavy Traffic, Other, Mechanical Problem; PM: Heavy Traffic, Mechanical Problem, Other
2018-02-01T00:00,  AM: Heavy Traffic, Other, Mechanical Problem; PM: Heavy Traffic, Other, Mechanical Problem
2018-02-08T00:00,  AM: Heavy Traffic, Other, Mechanical Problem; PM: Heavy Traffic, Mechanical Problem, Other
2018-02-15T00:00,  AM: Heavy Traffic, Other, Mechanical Problem; PM: Heavy Traffic, Other, Late return from Field Trip
2018-02-22T00:00,  AM: Heavy Traffic, Mechanical Problem, Other; PM: Heavy Traffic, Mechanical Problem, Other
2018-03-01T00:00,  AM: Heavy Traffic, Mechanical Problem, Other; PM: Heavy Traffic, Weather Conditions, Mechanical Problem
2018-03-08T00:00,  AM: Heavy Traffic, Other, Mechanical Problem; PM: Heavy Traffic, Mechanical Problem, Other
2018-03-15T00:00,  AM: Heavy Traffic, Other, Mechanical Problem; PM: Heavy Traffic, Mechanical Problem, Other
2018-03-22T00:00,  AM: Heavy Traffic, Other, Weather Conditions; PM: Heavy Traffic, Mechanical Problem, Other
2018-03-29T00:00,  AM: Heavy Traffic, Other, Mechanical Problem; PM: Heavy Traffic, Mechanical Problem, Other
2018-04-05T00:00,  AM: Heavy Traffic, Mechanical Problem, Other; PM: Heavy Traffic, Mechanical Problem, Other
2018-04-12T00:00,  AM: Heavy Traffic, Other, Mechanical Problem; PM: Heavy Traffic, Mechanical Problem, Other
2018-04-19T00:00,  AM: Heavy Traffic, Other, Mechanical Problem; PM: Heavy Traffic, Mechanical Problem, Late return from Field Trip
2018-04-26T00:00,  AM: Heavy Traffic, Mechanical Problem, Other; PM: Heavy Traffic, Late return from Field Trip, Mechanical Problem
2018-05-03T00:00,  AM: Heavy Traffic, Other, Mechanical Problem; PM: Heavy Traffic, Mechanical Problem, Other
2018-05-10T00:00,  AM: Heavy Traffic, Other, Mechanical Problem; PM: Heavy Traffic, Late return from Field Trip, Mechanical Problem
2018-05-17T00:00,  AM: Heavy Traffic, Other, Mechanical Problem; PM: Heavy Traffic, Mechanical Problem, Late return from Field Trip
2018-05-24T00:00,  AM: Heavy Traffic, Other, Mechanical Problem; PM: Heavy Traffic, Late return from Field Trip, Mechanical Problem
2018-05-31T00:00,  AM: Heavy Traffic, Other, Mechanical Problem; PM: Heavy Traffic, Late return from Field Trip, Mechanical Problem
2018-06-07T00:00,  AM: Heavy Traffic, Other, Mechanical Problem; PM: Heavy Traffic, Late return from Field Trip, Other
2018-06-14T00:00,  AM: Heavy Traffic, Other, Mechanical Problem; PM: Heavy Traffic, Late return from Field Trip, Mechanical Problem
2018-06-21T00:00,  AM: Heavy Traffic, Other, Mechanical Problem; PM: Late return from Field Trip, Mechanical Problem, Flat Tire
2018-08-30T00:00,  AM: Heavy Traffic, Other, Mechanical Problem; PM: Heavy Traffic, Mechanical Problem, Won`t Start
2018-09-06T00:00,  AM: Heavy Traffic, Mechanical Problem, Other; PM: Heavy Traffic, Other, Mechanical Problem
2018-09-13T00:00,  AM: Heavy Traffic, Mechanical Problem, Other; PM: Heavy Traffic, Mechanical Problem, Other
2018-09-20T00:00,  AM: Heavy Traffic, Other, Mechanical Problem; PM: Heavy Traffic, Mechanical Problem, Other
2018-09-27T00:00,  AM: Heavy Traffic, Mechanical Problem, Other; PM: Heavy Traffic, Mechanical Problem, Other
2018-10-04T00:00,  AM: Heavy Traffic, Mechanical Problem, Other; PM: Heavy Traffic, Mechanical Problem, Other
2018-10-11T00:00,  AM: Heavy Traffic, Mechanical Problem, Other; PM: Heavy Traffic, Mechanical Problem, Other
2018-10-18T00:00,  AM: Heavy Traffic, Other, Mechanical Problem; PM: Heavy Traffic, Mechanical Problem, Other
2018-10-25T00:00,  AM: Heavy Traffic, Other, Mechanical Problem; PM: Heavy Traffic, Mechanical Problem, Late return from Field Trip
2018-11-01T00:00,  AM: Heavy Traffic, Other, Mechanical Problem; PM: Heavy Traffic, Mechanical Problem, Other
2018-11-08T00:00,  AM: Heavy Traffic, Other, Mechanical Problem; PM: Heavy Traffic, Mechanical Problem, Other
2018-11-15T00:00,  AM: Heavy Traffic, Other, Weather Conditions; PM: Heavy Traffic, Weather Conditions, Other
2018-11-22T00:00,  AM: Heavy Traffic, Other, Mechanical Problem; PM: Heavy Traffic, Late return from Field Trip, Other
2018-11-29T00:00,  AM: Heavy Traffic, Other, Mechanical Problem; PM: Heavy Traffic, Other, Mechanical Problem
2018-12-06T00:00,  AM: Heavy Traffic, Other, Flat Tire; PM: Heavy Traffic, Other, Mechanical Problem
2018-12-13T00:00,  AM: Other, Heavy Traffic, Mechanical Problem; PM: Other, Heavy Traffic, Mechanical Problem
2018-12-20T00:00,  AM: Heavy Traffic, Mechanical Problem, Other; PM: Other, Mechanical Problem, Heavy Traffic
2018-12-27T00:00,  AM: Heavy Traffic, Other, Won`t Start; PM: Won`t Start, Other, Heavy Traffic
2019-01-03T00:00,  AM: Heavy Traffic, Other, Mechanical Problem; PM: Heavy Traffic, Other, Mechanical Problem
2019-01-10T00:00,  AM: Heavy Traffic, Other, Mechanical Problem; PM: Heavy Traffic, Other, Mechanical Problem
2019-01-17T00:00,  AM: Heavy Traffic, Mechanical Problem, Other; PM: Heavy Traffic, Other, Mechanical Problem
2019-01-24T00:00,  AM: Heavy Traffic, Other, Mechanical Problem; PM: Heavy Traffic, Other, Mechanical Problem
2019-01-31T00:00,  AM: Heavy Traffic, Mechanical Problem, Other; PM: Heavy Traffic, Mechanical Problem, Other
2019-02-07T00:00,  AM: Heavy Traffic, Other, Mechanical Problem; PM: Heavy Traffic, Mechanical Problem, Other
2019-02-14T00:00,  AM: Heavy Traffic, Other, Mechanical Problem; PM: Heavy Traffic, Other, Mechanical Problem
2019-02-21T00:00,  AM: Heavy Traffic, Other, Mechanical Problem; PM: Heavy Traffic, Other, Mechanical Problem
2019-02-28T00:00,  AM: Heavy Traffic, Other, Mechanical Problem; PM: Heavy Traffic, Other, Mechanical Problem
2019-03-07T00:00,  AM: Heavy Traffic, Other, Mechanical Problem; PM: Heavy Traffic, Other, Mechanical Problem
2019-03-14T00:00,  AM: Heavy Traffic, Other, Mechanical Problem; PM: Heavy Traffic, Other, Mechanical Problem
2019-03-21T00:00,  AM: Heavy Traffic, Other, Mechanical Problem; PM: Heavy Traffic, Mechanical Problem, Other
2019-03-28T00:00,  AM: Heavy Traffic, Other, Mechanical Problem; PM: Heavy Traffic, Other, Mechanical Problem
2019-04-04T00:00,  AM: Heavy Traffic, Other, Mechanical Problem; PM: Heavy Traffic, Other, Mechanical Problem
2019-04-11T00:00,  AM: Heavy Traffic, Other, Mechanical Problem; PM: Heavy Traffic, Other, Mechanical Problem
2019-04-18T00:00,  AM: Heavy Traffic, Other; PM: Heavy Traffic, Other
2019-04-25T00:00,  AM: Heavy Traffic, Other, Late return from Field Trip; PM: Heavy Traffic, Late return from Field Trip, Won`t Start
2019-05-02T00:00,  AM: Heavy Traffic, Other, Won`t Start; PM: Mechanical Problem, Heavy Traffic, Other
2019-05-09T00:00,  AM: Heavy Traffic, Other, Flat Tire; PM: Heavy Traffic, Other, Flat Tire
2019-05-16T00:00,  AM: Heavy Traffic, Other, Mechanical Problem; PM: Heavy Traffic, Late return from Field Trip, Other
2019-05-23T00:00,  AM: Heavy Traffic, Other, Mechanical Problem; PM: Heavy Traffic, Late return from Field Trip, Other
2019-05-30T00:00,  AM: Heavy Traffic, Other, Mechanical Problem; PM: Heavy Traffic, Late return from Field Trip, Mechanical Problem
2019-06-06T00:00,  AM: Heavy Traffic, Other, Mechanical Problem; PM: Heavy Traffic, Late return from Field Trip, Other
2019-06-13T00:00,  AM: Heavy Traffic, Other, Mechanical Problem; PM: Heavy Traffic, Other, Mechanical Problem
2019-06-20T00:00,  AM: Heavy Traffic, Other, Mechanical Problem; PM: Heavy Traffic, Other, Mechanical Problem
2019-06-27T00:00,  AM: Heavy Traffic, Mechanical Problem, Other; PM: Heavy Traffic, Other, Mechanical Problem
2019-08-29T00:00,  AM: Heavy Traffic, Other, Mechanical Problem; PM: Heavy Traffic, Mechanical Problem, Other
2019-09-05T00:00,  AM: Heavy Traffic, Other, Mechanical Problem; PM: Heavy Traffic, Mechanical Problem, Other
2019-09-12T00:00,  AM: Heavy Traffic, Other, Mechanical Problem; PM: Heavy Traffic, Mechanical Problem, Other
2019-09-19T00:00,  AM: Heavy Traffic, Other, Problem Run; PM: Heavy Traffic, Mechanical Problem, Other
2019-09-26T00:00,  AM: Heavy Traffic, Other, Mechanical Problem; PM: Heavy Traffic, Mechanical Problem, Other
2019-10-03T00:00,  AM: Heavy Traffic, Other, Mechanical Problem; PM: Heavy Traffic, Mechanical Problem, Other
2019-10-10T00:00,  AM: Heavy Traffic, Other, Mechanical Problem; PM: Heavy Traffic, Other, Mechanical Problem
2019-10-17T00:00,  AM: Heavy Traffic, Other, Mechanical Problem; PM: Heavy Traffic, Mechanical Problem, Other
2019-10-24T00:00,  AM: Heavy Traffic, Other, Mechanical Problem; PM: Heavy Traffic, Other, Late return from Field Trip
2019-10-31T00:00,  AM: Heavy Traffic, Other, Mechanical Problem; PM: Heavy Traffic, Other, Mechanical Problem
2019-11-07T00:00,  AM: Heavy Traffic, Other, Mechanical Problem; PM: Heavy Traffic, Other, Mechanical Problem
2019-11-14T00:00,  AM: Heavy Traffic, Other, Mechanical Problem; PM: Heavy Traffic, Other, Mechanical Problem
