2015-08-27T00:00, MAR-CAN TRANSPORT CO. INC, 2.6, BORO TRANSIT, 2.0, NEW DAWN TRANSIT, 1.9999999999999998, LOGAN BUS COMPANY INC., 1.8, RELIANT TRANS, 1.2000000000000002
2015-09-03T00:00, RELIANT TRANS, 37.6, PIONEER TRANSPORTATION CO, 27.5, BORO TRANSIT, 24.6, LEESEL TRANSP CORP , 24.4, G.V.C., 20.799999999999997
2015-09-10T00:00, LEESEL TRANSP CORP , 55.8, RELIANT TRANS, 54.199999999999996, PIONEER TRANSPORTATION CO, 40.199999999999996, G.V.C., 38.0, BORO TRANSIT, 29.6
2015-09-17T00:00, G.V.C., 71.7, RELIANT TRANS, 53.6, PIONEER TRANSPORTATION CO, 43.4, BORO TRANSIT, 41.0, LEESEL TRANSP CORP , 33.0
2015-09-24T00:00, RELIANT TRANS, 61.2, G.V.C., 40.7, PIONEER TRANSPORTATION CO, 33.5, NEW DAWN TRANSIT, 29.700000000000003, LITTLE RICHIE BUS SERVICE, 24.1
2015-10-01T00:00, G.V.C., 66.7, PIONEER TRANSPORTATION CO, 55.099999999999994, NEW DAWN TRANSIT, 38.2, RELIANT TRANS, 37.9, LITTLE RICHIE BUS SERVICE, 27.5
2015-10-08T00:00, RELIANT TRANS, 65.3, G.V.C., 58.0, NEW DAWN TRANSIT, 39.7, PIONEER TRANSPORTATION CO, 33.5, MAR-CAN TRANSPORT CO. INC, 32.699999999999996
2015-10-15T00:00, RELIANT TRANS, 75.39999999999999, G.V.C., 74.3, LEESEL TRANSP CORP , 51.3, NEW DAWN TRANSIT, 41.0, BORO TRANSIT, 35.1
2015-10-22T00:00, G.V.C., 82.1, LEESEL TRANSP CORP , 78.7, RELIANT TRANS, 66.3, PIONEER TRANSPORTATION CO, 52.5, BORO TRANSIT, 41.7
2015-10-29T00:00, LEESEL TRANSP CORP , 57.9, G.V.C., 45.3, RELIANT TRANS, 40.4, PIONEER TRANSPORTATION CO, 28.700000000000003, NEW DAWN TRANSIT, 27.0
2015-11-05T00:00, LEESEL TRANSP CORP , 62.699999999999996, RELIANT TRANS, 47.1, PIONEER TRANSPORTATION CO, 29.1, G.V.C., 28.0, NEW DAWN TRANSIT, 24.1
2015-11-12T00:00, LEESEL TRANSP CORP , 69.7, RELIANT TRANS, 55.599999999999994, G.V.C., 45.7, BORO TRANSIT, 39.4, NEW DAWN TRANSIT, 36.4
2015-11-19T00:00, RELIANT TRANS, 64.6, LEESEL TRANSP CORP , 60.0, G.V.C., 55.0, NEW DAWN TRANSIT, 50.099999999999994, PIONEER TRANSPORTATION CO, 27.7
2015-11-26T00:00, RELIANT TRANS, 46.1, LEESEL TRANSP CORP , 41.2, G.V.C., 36.7, PIONEER TRANSPORTATION CO, 33.2, BORO TRANSIT, 25.5
2015-12-03T00:00, LEESEL TRANSP CORP , 63.4, RELIANT TRANS, 60.1, G.V.C., 56.6, NEW DAWN TRANSIT, 30.6, PIONEER TRANSPORTATION CO, 29.9
2015-12-10T00:00, G.V.C., 59.8, LEESEL TRANSP CORP , 43.699999999999996, NEW DAWN TRANSIT, 42.400000000000006, RELIANT TRANS, 36.8, PIONEER TRANSPORTATION CO, 35.599999999999994
2015-12-17T00:00, NEW DAWN TRANSIT, 58.89999999999999, G.V.C., 52.3, RELIANT TRANS, 45.0, PIONEER TRANSPORTATION CO, 34.5, BORO TRANSIT, 17.400000000000002
2015-12-24T00:00, HAPPY CHILD TRANS LLC , 1.7999999999999998, BORO TRANSIT, 0.9, RELIANT TRANS, 0.6, LORISSA BUS SERVICE INC., 0.5, QUALITY TRANSPORTATION CO, 0.3
2015-12-31T00:00, RELIANT TRANS, 48.8, LITTLE RICHIE BUS SERVICE, 39.3, PIONEER TRANSPORTATION CO, 31.8, NEW DAWN TRANSIT, 31.5, BORO TRANSIT, 28.1
2016-01-07T00:00, RELIANT TRANS, 65.8, NEW DAWN TRANSIT, 56.9, G.V.C., 39.0, BORO TRANSIT, 36.2, PIONEER TRANSPORTATION CO, 32.199999999999996
2016-01-14T00:00, RELIANT TRANS, 40.4, NEW DAWN TRANSIT, 34.3, PIONEER TRANSPORTATION CO, 33.8, LITTLE RICHIE BUS SERVICE, 30.0, G.V.C., 29.9
2016-01-21T00:00, PIONEER TRANSPORTATION CO, 127.1, RELIANT TRANS, 82.2, NEW DAWN TRANSIT, 72.30000000000001, G.V.C., 66.0, BORO TRANSIT, 58.699999999999996
2016-01-28T00:00, RELIANT TRANS, 58.3, G.V.C., 46.9, PIONEER TRANSPORTATION CO, 43.0, NEW DAWN TRANSIT, 42.8, LITTLE RICHIE BUS SERVICE, 31.200000000000003
2016-02-04T00:00, RELIANT TRANS, 69.6, NEW DAWN TRANSIT, 43.0, PIONEER TRANSPORTATION CO, 40.2, G.V.C., 39.7, LEESEL TRANSP CORP , 27.0
2016-02-11T00:00, G.V.C., 20.4, LITTLE RICHIE BUS SERVICE, 20.400000000000002, RELIANT TRANS, 19.499999999999996, NEW DAWN TRANSIT, 14.000000000000002, LEESEL TRANSP CORP , 13.3
2016-02-18T00:00, RELIANT TRANS, 33.9, LITTLE RICHIE BUS SERVICE, 27.0, NEW DAWN TRANSIT, 26.700000000000003, LEESEL TRANSP CORP , 26.0, PIONEER TRANSPORTATION CO, 24.099999999999998
2016-02-25T00:00, RELIANT TRANS, 45.9, G.V.C., 32.9, NEW DAWN TRANSIT, 31.700000000000003, LITTLE RICHIE BUS SERVICE, 30.5, BORO TRANSIT, 28.700000000000003
2016-03-03T00:00, RELIANT TRANS, 49.9, NEW DAWN TRANSIT, 35.7, BORO TRANSIT, 27.4, PIONEER TRANSPORTATION CO, 26.7, LEESEL TRANSP CORP , 25.8
2016-03-10T00:00, RELIANT TRANS, 53.7, PIONEER TRANSPORTATION CO, 47.5, LEESEL TRANSP CORP , 41.5, NEW DAWN TRANSIT, 31.1, G.V.C., 30.299999999999997
2016-03-17T00:00, RELIANT TRANS, 49.0, NEW DAWN TRANSIT, 39.6, PIONEER TRANSPORTATION CO, 29.5, G.V.C., 28.400000000000002, BORO TRANSIT, 25.5
2016-03-24T00:00, RELIANT TRANS, 46.099999999999994, NEW DAWN TRANSIT, 36.0, G.V.C., 29.5, LITTLE RICHIE BUS SERVICE, 21.9, PIONEER TRANSPORTATION CO, 18.299999999999997
2016-03-31T00:00, NEW DAWN TRANSIT, 54.1, RELIANT TRANS, 51.8, G.V.C., 37.8, LEESEL TRANSP CORP , 33.6, PIONEER TRANSPORTATION CO, 32.9
2016-04-07T00:00, LEESEL TRANSP CORP , 51.2, RELIANT TRANS, 51.0, NEW DAWN TRANSIT, 34.1, PIONEER TRANSPORTATION CO, 31.8, G.V.C., 31.2
2016-04-14T00:00, RELIANT TRANS, 56.099999999999994, LEESEL TRANSP CORP , 42.800000000000004, NEW DAWN TRANSIT, 38.3, PIONEER TRANSPORTATION CO, 31.9, BORO TRANSIT, 29.099999999999998
2016-04-21T00:00, NEW DAWN TRANSIT, 21.0, LEESEL TRANSP CORP , 20.7, RELIANT TRANS, 20.1, PIONEER TRANSPORTATION CO, 14.7, BORO TRANSIT, 8.600000000000001
2016-04-28T00:00, LEESEL TRANSP CORP , 33.1, RELIANT TRANS, 32.4, PIONEER TRANSPORTATION CO, 32.3, NEW DAWN TRANSIT, 29.9, BORO TRANSIT, 22.9
2016-05-05T00:00, RELIANT TRANS, 53.3, LEESEL TRANSP CORP , 47.5, NEW DAWN TRANSIT, 39.2, PIONEER TRANSPORTATION CO, 33.9, BORO TRANSIT, 24.6
2016-05-12T00:00, LEESEL TRANSP CORP , 50.4, RELIANT TRANS, 48.599999999999994, NEW DAWN TRANSIT, 43.900000000000006, PIONEER TRANSPORTATION CO, 39.6, G.V.C., 27.099999999999998
2016-05-19T00:00, NEW DAWN TRANSIT, 54.0, RELIANT TRANS, 53.2, LEESEL TRANSP CORP , 46.1, PIONEER TRANSPORTATION CO, 45.2, G.V.C., 33.4
2016-05-26T00:00, RELIANT TRANS, 59.3, NEW DAWN TRANSIT, 35.900000000000006, LEESEL TRANSP CORP , 35.199999999999996, PIONEER TRANSPORTATION CO, 29.4, G.V.C., 24.4
2016-06-02T00:00, RELIANT TRANS, 48.9, NEW DAWN TRANSIT, 42.8, LEESEL TRANSP CORP , 42.3, G.V.C., 39.199999999999996, PIONEER TRANSPORTATION CO, 32.5
2016-06-09T00:00, NEW DAWN TRANSIT, 30.0, RELIANT TRANS, 28.4, G.V.C., 24.7, LEESEL TRANSP CORP , 24.599999999999998, LITTLE RICHIE BUS SERVICE, 16.7
2016-06-16T00:00, RELIANT TRANS, 36.3, NEW DAWN TRANSIT, 36.2, G.V.C., 33.1, DON THOMAS BUSES, 18.0, PIONEER TRANSPORTATION CO, 16.5
2016-06-23T00:00, NEW DAWN TRANSIT, 24.6, RELIANT TRANS, 18.1, DON THOMAS BUSES, 13.5, PIONEER TRANSPORTATION CO, 8.7, HAPPY CHILD TRANS LLC , 8.0
2016-06-30T00:00, G.V.C., 16.0, HOYT TRANSPORTATION CORP., 8.8, PRIDE TRANSPORTATION , 6.0, L & M BUS CORP., 5.9, LOGAN BUS COMPANY INC., 5.7
2016-07-07T00:00, PRIDE TRANSPORTATION , 45.400000000000006, HOYT TRANSPORTATION CORP., 45.4, G.V.C., 31.299999999999997, LOGAN BUS COMPANY INC., 24.199999999999996, ALL AMERICAN SCHOOL BUS C, 20.9
2016-07-14T00:00, PRIDE TRANSPORTATION , 62.2, HOYT TRANSPORTATION CORP., 43.9, LOGAN BUS COMPANY INC., 34.4, G.V.C., 30.1, LITTLE RICHIE BUS SERVICE, 14.5
2016-07-21T00:00, PRIDE TRANSPORTATION , 56.800000000000004, LOGAN BUS COMPANY INC., 42.5, HOYT TRANSPORTATION CORP., 41.599999999999994, G.V.C., 20.4, LORINDA ENT. LTD., 16.4
2016-07-28T00:00, PRIDE TRANSPORTATION , 43.9, HOYT TRANSPORTATION CORP., 37.2, LOGAN BUS COMPANY INC., 28.6, G.V.C., 16.2, LITTLE RICHIE BUS SERVICE, 13.2
2016-08-04T00:00, HOYT TRANSPORTATION CORP., 31.5, PRIDE TRANSPORTATION , 30.799999999999997, LOGAN BUS COMPANY INC., 21.3, G.V.C., 15.7, LORINDA ENT. LTD., 12.2
2016-08-11T00:00, PRIDE TRANSPORTATION , 16.2, HOYT TRANSPORTATION CORP., 14.799999999999999, LOGAN BUS COMPANY INC., 13.3, LORINDA ENT. LTD., 11.799999999999999, CONSOLIDATED BUS TRANS. I, 6.3
2016-08-18T00:00, HOYT TRANSPORTATION CORP., 1.2, ALL AMERICAN SCHOOL BUS C, 0.8, ADDIES, 0.6, LITTLE RICHIE BUS SERVICE, 0.6, RELIANT TRANS, 0.6
2016-08-25T00:00, HOYT TRANSPORTATION CORP., 1.5, LORINDA ENT. LTD., 0.3, RELIANT TRANS, 0.3, PRIDE TRANSPORTATION , 0.2
2016-09-01T00:00, RELIANT TRANS, 20.6, MAR-CAN TRANSPORT CO. INC, 9.6, LOGAN BUS COMPANY INC., 6.6000000000000005, G.V.C., 5.9, LEESEL TRANSP CORP , 5.5
2016-09-08T00:00, RELIANT TRANS, 111.4, PIONEER TRANSPORTATION CO, 79.39999999999999, G.V.C., 57.699999999999996, NEW DAWN TRANSIT, 56.900000000000006, FIRST STEPS TRANSP INC. (, 37.1
2016-09-15T00:00, PIONEER TRANSPORTATION CO, 82.0, G.V.C., 77.19999999999999, RELIANT TRANS, 76.2, NEW DAWN TRANSIT, 61.199999999999996, LEESEL TRANSP CORP , 43.6
2016-09-22T00:00, RELIANT TRANS, 97.9, NEW DAWN TRANSIT, 82.3, PIONEER TRANSPORTATION CO, 81.3, G.V.C., 80.8, LEESEL TRANSP CORP , 45.0
2016-09-29T00:00, NEW DAWN TRANSIT, 56.0, RELIANT TRANS, 40.4, G.V.C., 36.4, PIONEER TRANSPORTATION CO, 28.099999999999998, LEESEL TRANSP CORP , 25.299999999999997
2016-10-06T00:00, NEW DAWN TRANSIT, 64.6, G.V.C., 41.8, PIONEER TRANSPORTATION CO, 30.299999999999997, RELIANT TRANS, 28.900000000000002, LEESEL TRANSP CORP , 23.5
2016-10-13T00:00, G.V.C., 64.6, NEW DAWN TRANSIT, 57.2, RELIANT TRANS, 46.599999999999994, PIONEER TRANSPORTATION CO, 46.599999999999994, LITTLE RICHIE BUS SERVICE, 29.2
2016-10-20T00:00, PIONEER TRANSPORTATION CO, 68.3, NEW DAWN TRANSIT, 67.1, RELIANT TRANS, 48.300000000000004, G.V.C., 45.1, VAN TRANS LLC , 30.3
2016-10-27T00:00, RELIANT TRANS, 69.3, PIONEER TRANSPORTATION CO, 66.6, NEW DAWN TRANSIT, 55.599999999999994, G.V.C., 42.8, LITTLE RICHIE BUS SERVICE, 35.3
2016-11-03T00:00, RELIANT TRANS, 48.5, NEW DAWN TRANSIT, 44.5, PIONEER TRANSPORTATION CO, 36.4, G.V.C., 33.199999999999996, BORO TRANSIT, 23.3
2016-11-10T00:00, NEW DAWN TRANSIT, 53.5, PIONEER TRANSPORTATION CO, 42.1, RELIANT TRANS, 41.0, LEESEL TRANSP CORP , 30.2, BORO TRANSIT, 28.5
2016-11-17T00:00, NEW DAWN TRANSIT, 67.1, RELIANT TRANS, 55.5, PIONEER TRANSPORTATION CO, 45.4, G.V.C., 36.1, LITTLE RICHIE BUS SERVICE, 26.5
2016-11-24T00:00, NEW DAWN TRANSIT, 61.4, RELIANT TRANS, 34.99999999999999, G.V.C., 26.599999999999998, LEESEL TRANSP CORP , 25.9, PIONEER TRANSPORTATION CO, 25.6
2016-12-01T00:00, NEW DAWN TRANSIT, 89.5, RELIANT TRANS, 55.0, G.V.C., 45.0, PIONEER TRANSPORTATION CO, 43.1, MAR-CAN TRANSPORT CO. INC, 37.9
2016-12-08T00:00, NEW DAWN TRANSIT, 117.1, PIONEER TRANSPORTATION CO, 49.0, RELIANT TRANS, 42.5, G.V.C., 34.8, LITTLE RICHIE BUS SERVICE, 33.0
2016-12-15T00:00, NEW DAWN TRANSIT, 132.79999999999998, RELIANT TRANS, 55.1, PIONEER TRANSPORTATION CO, 50.6, G.V.C., 43.1, LITTLE RICHIE BUS SERVICE, 39.900000000000006
2016-12-22T00:00, NEW DAWN TRANSIT, 40.6, RELIANT TRANS, 13.2, PIONEER TRANSPORTATION CO, 12.600000000000001, LITTLE RICHIE BUS SERVICE, 11.0, G.V.C., 9.899999999999999
2016-12-29T00:00, NEW DAWN TRANSIT, 66.39999999999999, RELIANT TRANS, 21.0, LITTLE RICHIE BUS SERVICE, 20.700000000000003, G.V.C., 20.499999999999996, BORO TRANSIT, 17.4
2017-01-05T00:00, NEW DAWN TRANSIT, 174.9, RELIANT TRANS, 71.79999999999998, PIONEER TRANSPORTATION CO, 55.0, G.V.C., 50.3, LITTLE RICHIE BUS SERVICE, 46.4
2017-01-12T00:00, NEW DAWN TRANSIT, 137.0, G.V.C., 60.8, RELIANT TRANS, 44.199999999999996, LEESEL TRANSP CORP , 32.4, PIONEER TRANSPORTATION CO, 28.7
2017-01-19T00:00, NEW DAWN TRANSIT, 119.1, G.V.C., 69.6, RELIANT TRANS, 44.0, PIONEER TRANSPORTATION CO, 39.6, BORO TRANSIT, 38.300000000000004
2017-01-26T00:00, G.V.C., 64.7, NEW DAWN TRANSIT, 56.699999999999996, RELIANT TRANS, 49.2, PIONEER TRANSPORTATION CO, 43.7, SNT BUS INC, 22.900000000000002
2017-02-02T00:00, G.V.C., 78.5, RELIANT TRANS, 46.6, PIONEER TRANSPORTATION CO, 42.2, NEW DAWN TRANSIT, 38.199999999999996, LITTLE RICHIE BUS SERVICE, 37.6
2017-02-09T00:00, RELIANT TRANS, 67.2, PIONEER TRANSPORTATION CO, 64.0, G.V.C., 63.4, NEW DAWN TRANSIT, 37.2, BORO TRANSIT, 36.3
2017-02-16T00:00, G.V.C., 26.599999999999998, RELIANT TRANS, 21.5, NEW DAWN TRANSIT, 18.4, BORO TRANSIT, 15.8, LITTLE RICHIE BUS SERVICE, 12.3
2017-02-23T00:00, RELIANT TRANS, 42.199999999999996, G.V.C., 38.99999999999999, NEW DAWN TRANSIT, 34.7, BORO TRANSIT, 24.4, PIONEER TRANSPORTATION CO, 23.599999999999998
2017-03-02T00:00, RELIANT TRANS, 50.8, G.V.C., 44.099999999999994, PIONEER TRANSPORTATION CO, 38.199999999999996, NEW DAWN TRANSIT, 32.4, LEESEL TRANSP CORP , 30.400000000000002
2017-03-09T00:00, PIONEER TRANSPORTATION CO, 66.0, NEW DAWN TRANSIT, 40.9, G.V.C., 32.900000000000006, BORO TRANSIT, 26.0, LEESEL TRANSP CORP , 25.2
2017-03-16T00:00, PIONEER TRANSPORTATION CO, 77.9, G.V.C., 70.29999999999998, NEW DAWN TRANSIT, 62.6, LEESEL TRANSP CORP , 61.099999999999994, RELIANT TRANS, 34.3
2017-03-23T00:00, PIONEER TRANSPORTATION CO, 63.099999999999994, G.V.C., 62.6, LEESEL TRANSP CORP , 62.3, NEW DAWN TRANSIT, 41.89999999999999, RELIANT TRANS, 41.8
2017-03-30T00:00, LEESEL TRANSP CORP , 112.3, RELIANT TRANS, 81.39999999999999, PIONEER TRANSPORTATION CO, 62.7, G.V.C., 55.0, NEW DAWN TRANSIT, 43.2
2017-04-06T00:00, LEESEL TRANSP CORP , 46.699999999999996, RELIANT TRANS, 26.6, G.V.C., 21.8, FIRST STEPS TRANSP INC. (, 16.7, PIONEER TRANSPORTATION CO, 16.6
2017-04-13T00:00, LEESEL TRANSP CORP , 19.1, RELIANT TRANS, 16.599999999999998, NEW DAWN TRANSIT, 13.7, PIONEER TRANSPORTATION CO, 12.0, G.V.C., 10.9
2017-04-20T00:00, LEESEL TRANSP CORP , 108.39999999999999, RELIANT TRANS, 57.4, NEW DAWN TRANSIT, 56.4, G.V.C., 46.199999999999996, PIONEER TRANSPORTATION CO, 43.9
2017-04-27T00:00, LEESEL TRANSP CORP , 105.0, NEW DAWN TRANSIT, 69.2, RELIANT TRANS, 65.8, PIONEER TRANSPORTATION CO, 53.900000000000006, G.V.C., 45.7
2017-05-04T00:00, LEESEL TRANSP CORP , 107.9, NEW DAWN TRANSIT, 100.3, RELIANT TRANS, 56.6, PIONEER TRANSPORTATION CO, 55.0, G.V.C., 49.7
2017-05-11T00:00, LEESEL TRANSP CORP , 125.1, NEW DAWN TRANSIT, 89.4, RELIANT TRANS, 72.0, G.V.C., 70.8, PIONEER TRANSPORTATION CO, 69.5
2017-05-18T00:00, LEESEL TRANSP CORP , 144.79999999999998, NEW DAWN TRANSIT, 94.19999999999999, RELIANT TRANS, 81.0, PIONEER TRANSPORTATION CO, 80.19999999999999, G.V.C., 55.9
2017-05-25T00:00, LEESEL TRANSP CORP , 101.60000000000001, PIONEER TRANSPORTATION CO, 53.3, RELIANT TRANS, 51.5, NEW DAWN TRANSIT, 48.7, G.V.C., 32.1
2017-06-01T00:00, LEESEL TRANSP CORP , 106.60000000000001, NEW DAWN TRANSIT, 92.9, PIONEER TRANSPORTATION CO, 59.0, RELIANT TRANS, 54.300000000000004, G.V.C., 41.199999999999996
2017-06-08T00:00, LEESEL TRANSP CORP , 96.6, G.V.C., 48.599999999999994, RELIANT TRANS, 44.8, NEW DAWN TRANSIT, 35.699999999999996, PIONEER TRANSPORTATION CO, 32.6
2017-06-15T00:00, LEESEL TRANSP CORP , 97.2, NEW DAWN TRANSIT, 59.2, G.V.C., 49.4, PIONEER TRANSPORTATION CO, 48.199999999999996, RELIANT TRANS, 45.3
2017-06-22T00:00, LEESEL TRANSP CORP , 55.8, PIONEER TRANSPORTATION CO, 34.699999999999996, NEW DAWN TRANSIT, 33.6, G.V.C., 32.6, RELIANT TRANS, 30.700000000000003
2017-06-29T00:00, RELIANT TRANS, 22.0, HOYT TRANSPORTATION CORP., 11.2, G.V.C., 7.5, L & M BUS CORP., 6.6, PIONEER TRANSPORTATION CO, 5.1
2017-07-06T00:00, G.V.C., 49.9, HOYT TRANSPORTATION CORP., 34.2, PRIDE TRANSPORTATION , 17.9, ALL AMERICAN SCHOOL BUS C, 15.8, L & M BUS CORP., 14.0
2017-07-13T00:00, PRIDE TRANSPORTATION , 30.099999999999998, G.V.C., 28.4, HOYT TRANSPORTATION CORP., 26.5, LOGAN BUS COMPANY INC., 20.9, RELIANT TRANS, 15.3
2017-07-20T00:00, G.V.C., 33.699999999999996, PRIDE TRANSPORTATION , 32.5, HOYT TRANSPORTATION CORP., 29.1, LOGAN BUS COMPANY INC., 21.4, RELIANT TRANS, 18.6
2017-07-27T00:00, PRIDE TRANSPORTATION , 32.8, HOYT TRANSPORTATION CORP., 23.7, G.V.C., 20.9, LOGAN BUS COMPANY INC., 20.7, RELIANT TRANS, 15.1
2017-08-03T00:00, PRIDE TRANSPORTATION , 19.9, HOYT TRANSPORTATION CORP., 16.1, G.V.C., 10.4, ALL AMERICAN SCHOOL BUS C, 8.7, LOGAN BUS COMPANY INC., 7.2
2017-08-31T00:00, RELIANT TRANS, 23.900000000000002, LEESEL TRANSP CORP , 7.3999999999999995, LOGAN BUS COMPANY INC., 6.7, L & M BUS CORP., 3.8, SNT BUS INC, 3.1
2017-09-07T00:00, RELIANT TRANS, 290.2, LEESEL TRANSP CORP , 146.6, PIONEER TRANSPORTATION CORP, 60.4, VAN TRANS LLC , 31.4, BORO TRANSIT, 27.6
2017-09-14T00:00, LEESEL TRANSP CORP , 318.2, RELIANT TRANS, 197.29999999999998, PIONEER TRANSPORTATION CORP, 73.3, NEW DAWN TRANSIT, 59.5, G.V.C., 32.4
2017-09-21T00:00, LEESEL TRANSP CORP , 230.6, RELIANT TRANS, 121.8, PIONEER TRANSPORTATION CORP, 52.8, G.V.C., 33.4, BORO TRANSIT, 24.8
2017-09-28T00:00, LEESEL TRANSP CORP , 368.2, RELIANT TRANS, 183.4, PIONEER TRANSPORTATION CORP, 71.0, NEW DAWN TRANSIT, 57.199999999999996, VAN TRANS LLC , 41.099999999999994
2017-10-05T00:00, LEESEL TRANSP CORP , 284.4, RELIANT TRANS, 73.6, PIONEER TRANSPORTATION CORP, 60.0, NEW DAWN TRANSIT, 32.0, G.V.C., 29.4
2017-10-12T00:00, LEESEL TRANSP CORP , 218.2, RELIANT TRANS, 132.70000000000002, PIONEER TRANSPORTATION CORP, 82.5, G.V.C., 42.2, NEW DAWN TRANSIT, 32.9
2017-10-19T00:00, LEESEL TRANSP CORP , 280.2, RELIANT TRANS, 142.5, PIONEER TRANSPORTATION CORP, 85.8, G.V.C., 62.5, NEW DAWN TRANSIT, 35.0
2017-10-26T00:00, LEESEL TRANSP CORP , 268.79999999999995, RELIANT TRANS, 101.8, PIONEER TRANSPORTATION CORP, 82.1, G.V.C., 50.199999999999996, Y & M TRANSIT CORP , 42.0
2017-11-02T00:00, LEESEL TRANSP CORP , 131.49999999999997, RELIANT TRANS, 52.6, G.V.C., 33.9, PIONEER TRANSPORTATION CORP, 23.0, NEW DAWN TRANSIT, 22.1
2017-11-09T00:00, LEESEL TRANSP CORP , 229.6, RELIANT TRANS, 111.9, PIONEER TRANSPORTATION CORP, 81.5, G.V.C., 49.6, BORO TRANSIT, 46.900000000000006
2017-11-16T00:00, LEESEL TRANSP CORP , 188.1, RELIANT TRANS, 79.3, PIONEER TRANSPORTATION CORP, 65.9, BORO TRANSIT, 34.5, G.V.C., 32.49999999999999
2017-11-23T00:00, LEESEL TRANSP CORP , 107.3, RELIANT TRANS, 48.9, PIONEER TRANSPORTATION CORP, 40.9, G.V.C., 24.2, BORO TRANSIT, 21.0
2017-11-30T00:00, LEESEL TRANSP CORP , 165.79999999999998, PIONEER TRANSPORTATION CORP, 75.1, RELIANT TRANS, 57.4, VAN TRANS LLC , 51.599999999999994, BORO TRANSIT, 30.8
2017-12-07T00:00, LEESEL TRANSP CORP , 247.99999999999997, PIONEER TRANSPORTATION CORP, 89.5, RELIANT TRANS, 89.4, NEW DAWN TRANSIT, 53.3, VAN TRANS LLC , 50.8
2017-12-14T00:00, LEESEL TRANSP CORP , 330.79999999999995, RELIANT TRANS, 149.3, PIONEER TRANSPORTATION CORP, 148.8, VAN TRANS LLC , 80.6, NEW DAWN TRANSIT, 77.0
2017-12-21T00:00, LEESEL TRANSP CORP , 101.5, RELIANT TRANS, 33.1, PIONEER TRANSPORTATION CORP, 29.4, NEW DAWN TRANSIT, 23.700000000000003, VAN TRANS LLC , 18.799999999999997
2017-12-28T00:00, LEESEL TRANSP CORP , 48.8, PIONEER TRANSPORTATION CORP, 42.5, RELIANT TRANS, 35.5, NEW DAWN TRANSIT, 27.4, SNT BUS INC, 25.6
2018-01-04T00:00, LEESEL TRANSP CORP , 130.2, PIONEER TRANSPORTATION CORP, 101.39999999999999, RELIANT TRANS, 98.7, SNT BUS INC, 83.0, BORO TRANSIT, 69.7
2018-01-11T00:00, LEESEL TRANSP CORP , 162.2, PIONEER TRANSPORTATION CORP, 63.1, RELIANT TRANS, 55.0, NEW DAWN TRANSIT, 37.900000000000006, VAN TRANS LLC , 25.7
2018-01-18T00:00, LEESEL TRANSP CORP , 245.3, PIONEER TRANSPORTATION CORP, 101.2, RELIANT TRANS, 78.7, VAN TRANS LLC , 48.3, NEW DAWN TRANSIT, 39.400000000000006
2018-01-25T00:00, LEESEL TRANSP CORP , 175.5, RELIANT TRANS, 96.6, PIONEER TRANSPORTATION CORP, 82.49999999999999, NEW DAWN TRANSIT, 37.7, DON THOMAS BUSES, 32.4
2018-02-01T00:00, LEESEL TRANSP CORP , 117.69999999999999, PIONEER TRANSPORTATION CORP, 62.3, RELIANT TRANS, 59.699999999999996, LITTLE RICHIE BUS SERVICE, 33.8, NEW DAWN TRANSIT, 24.3
2018-02-08T00:00, LEESEL TRANSP CORP , 113.3, RELIANT TRANS, 79.0, PIONEER TRANSPORTATION CORP, 67.6, LITTLE RICHIE BUS SERVICE, 46.2, BORO TRANSIT, 37.9
2018-02-15T00:00, LEESEL TRANSP CORP , 37.8, RELIANT TRANS, 21.9, LITTLE RICHIE BUS SERVICE, 19.900000000000002, PIONEER TRANSPORTATION CORP, 19.799999999999997, FIRST STEPS TRANSP INC. , 14.3
2018-02-22T00:00, LEESEL TRANSP CORP , 133.6, RELIANT TRANS, 75.2, PIONEER TRANSPORTATION CORP, 58.4, BORO TRANSIT, 50.1, G.V.C., 30.700000000000003
2018-03-01T00:00, LEESEL TRANSP CORP , 242.29999999999998, RELIANT TRANS, 147.70000000000002, PIONEER TRANSPORTATION CORP, 134.2, BORO TRANSIT, 48.7, G.V.C., 46.5
2018-03-08T00:00, LEESEL TRANSP CORP , 278.09999999999997, RELIANT TRANS, 158.7, PIONEER TRANSPORTATION CORP, 110.1, G.V.C., 65.3, BORO TRANSIT, 53.599999999999994
2018-03-15T00:00, LEESEL TRANSP CORP , 253.59999999999997, RELIANT TRANS, 108.3, PIONEER TRANSPORTATION CORP, 92.60000000000001, BORO TRANSIT, 41.2, G.V.C., 40.1
2018-03-22T00:00, LEESEL TRANSPORTATION CORP , 271.9, RELIANT TRANSPORTATION, 124.5, PIONEER TRANSPORTATION CORP, 106.9, BORO TRANSIT, 46.2, VAN TRANS LLC , 44.3
2018-03-29T00:00, LEESEL TRANSPORTATION CORP , 43.3, PIONEER TRANSPORTATION CORP, 18.6, RELIANT TRANSPORTATION, 12.3, BORO TRANSIT, 10.7, G.V.C., 7.0
2018-04-05T00:00, LEESEL TRANSPORTATION CORP , 116.7, RELIANT TRANSPORTATION, 89.2, PIONEER TRANSPORTATION CORP, 63.9, FIRST STEPS TRANS INC. , 44.7, BORO TRANSIT, 36.3
2018-04-12T00:00, LEESEL TRANSPORTATION CORP , 251.3, RELIANT TRANSPORTATION, 102.3, PIONEER TRANSPORTATION CORP, 73.19999999999999, SNT BUS INC, 41.3, G.V.C., 37.2
2018-04-19T00:00, LEESEL TRANSPORTATION CORP , 240.39999999999998, RELIANT TRANSPORTATION, 141.2, PIONEER TRANSPORTATION CORP, 97.5, G.V.C., 49.0, VAN TRANS LLC , 45.5
2018-04-26T00:00, LEESEL TRANSPORTATION CORP , 299.09999999999997, PIONEER TRANSPORTATION CORP, 129.9, RELIANT TRANSPORTATION, 129.3, G.V.C., 63.0, VAN TRANS LLC , 54.2
2018-05-03T00:00, LEESEL TRANSPORTATION CORP , 217.6, RELIANT TRANSPORTATION, 146.39999999999998, PIONEER TRANSPORTATION CORP, 73.8, G.V.C., 44.99999999999999, BORO TRANSIT, 40.5
2018-05-10T00:00, LEESEL TRANSPORTATION CORP , 200.1, RELIANT TRANSPORTATION, 108.4, PIONEER TRANSPORTATION CORP, 78.6, G.V.C., 52.9, NEW DAWN TRANSIT, 44.1
2018-05-17T00:00, LEESEL TRANSPORTATION CORP , 200.0, RELIANT TRANSPORTATION, 143.1, PIONEER TRANSPORTATION CORP, 89.1, SELBY TRANSPORTATION, 47.8, VAN TRANS LLC , 41.9
2018-05-24T00:00, LEESEL TRANSPORTATION CORP , 116.99999999999999, RELIANT TRANSPORTATION, 94.6, PIONEER TRANSPORTATION CORP, 65.8, SELBY TRANSPORTATION, 36.5, G.V.C., 29.6
2018-05-31T00:00, LEESEL TRANSPORTATION CORP , 174.0, RELIANT TRANSPORTATION, 161.9, PIONEER TRANSPORTATION CORP, 84.3, SELBY TRANSPORTATION, 44.3, BORO TRANSIT, 44.0
2018-06-07T00:00, LEESEL TRANSPORTATION CORP , 196.6, RELIANT TRANSPORTATION, 97.8, PIONEER TRANSPORTATION CORP, 70.0, NEW DAWN TRANSIT, 44.5, JOFAZ TRANSPORTATION INC., 35.9
2018-06-14T00:00, LEESEL TRANSPORTATION CORP , 105.8, RELIANT TRANSPORTATION, 100.49999999999999, PIONEER TRANSPORTATION CORP, 51.0, G.V.C., 33.9, BORO TRANSIT, 31.7
2018-06-21T00:00, RELIANT TRANSPORTATION, 18.5, LEESEL TRANSPORTATION CORP , 12.799999999999999, PIONEER TRANSPORTATION CORP, 11.9, VAN TRANS LLC , 5.3999999999999995, NEW DAWN TRANSIT, 4.7
2018-08-30T00:00, RELIANT TRANSPORTATION, 85.0, PIONEER TRANSPORTATION CORP, 22.9, NEW DAWN TRANSIT, 20.5, BORO TRANSIT, 16.1, HOYT TRANSPORTATION CORP., 16.099999999999998
2018-09-06T00:00, RELIANT TRANSPORTATION, 182.0, LEESEL TRANSPORTATION CORP , 115.30000000000001, NEW DAWN TRANSIT, 68.5, PIONEER TRANSPORTATION CORP, 49.3, BORO TRANSIT, 46.0
2018-09-13T00:00, LEESEL TRANSPORTATION CORP , 429.9, RELIANT TRANSPORTATION, 169.4, PIONEER TRANSPORTATION CORP, 64.1, LITTLE RICHIE BUS SERVICE, 50.4, HOYT TRANSPORTATION CORP., 50.099999999999994
2018-09-20T00:00, LEESEL TRANSPORTATION CORP , 484.4, RELIANT TRANSPORTATION, 154.79999999999998, SELBY TRANSPORTATION, 59.9, PIONEER TRANSPORTATION CORP, 54.6, BORO TRANSIT, 41.4
2018-09-27T00:00, LEESEL TRANSPORTATION CORP , 209.6, RELIANT TRANSPORTATION, 82.7, BORO TRANSIT, 26.1, Y & M TRANSIT CORP , 23.700000000000003, G.V.C., 19.2
2018-10-04T00:00, LEESEL TRANSPORTATION CORP , 173.2, RELIANT TRANSPORTATION, 43.699999999999996, BORO TRANSIT, 31.400000000000002, PIONEER TRANSPORTATION CORP, 14.5, LITTLE RICHIE BUS SERVICE, 13.2
2018-10-11T00:00, LEESEL TRANSPORTATION CORP , 449.0, RELIANT TRANSPORTATION, 120.19999999999999, LITTLE RICHIE BUS SERVICE, 66.1, SELBY TRANSPORTATION, 52.4, PIONEER TRANSPORTATION CORP, 46.6
2018-10-18T00:00, LEESEL TRANSPORTATION CORP , 742.5999999999999, RELIANT TRANSPORTATION, 192.7, SELBY TRANSPORTATION, 93.0, G.V.C., 90.6, PIONEER TRANSPORTATION CORP, 82.8
2018-10-25T00:00, LEESEL TRANSPORTATION CORP , 540.3, RELIANT TRANSPORTATION, 160.79999999999998, G.V.C., 90.1, SELBY TRANSPORTATION, 65.8, BORO TRANSIT, 65.60000000000001
2018-11-01T00:00, LEESEL TRANSPORTATION CORP , 712.6999999999999, RELIANT TRANSPORTATION, 190.7, G.V.C., 73.69999999999999, SELBY TRANSPORTATION, 71.0, BORO TRANSIT, 67.7
2018-11-08T00:00, LEESEL TRANSPORTATION CORP , 745.0, RELIANT TRANSPORTATION, 220.1, SELBY TRANSPORTATION, 99.39999999999999, G.V.C., 82.10000000000001, PIONEER TRANSPORTATION CORP, 81.3
2018-11-15T00:00, LEESEL TRANSPORTATION CORP , 877.0999999999999, RELIANT TRANSPORTATION, 306.2, SELBY TRANSPORTATION, 154.70000000000002, PIONEER TRANSPORTATION CORP, 151.4, BORO TRANSIT, 143.89999999999998
2018-11-22T00:00, LEESEL TRANSPORTATION CORP , 692.1999999999999, RELIANT TRANSPORTATION, 153.79999999999998, SELBY TRANSPORTATION, 91.8, BORO TRANSIT, 71.6, PIONEER TRANSPORTATION CORP, 59.8
2018-11-29T00:00, LEESEL TRANSPORTATION CORP , 485.7, RELIANT TRANSPORTATION, 104.7, BORO TRANSIT, 68.3, SELBY TRANSPORTATION, 66.6, PIONEER TRANSPORTATION CORP, 55.8
2018-12-06T00:00, SELBY TRANSPORTATION, 3.0, G.V.C., 2.1, LEESEL TRANSPORTATION CORP , 1.7999999999999998, L & M BUS CORP., 1.5000000000000002, LITTLE LISA BUS CO. INC., 1.0
2018-12-13T00:00, G.V.C., 5.0, L & M BUS CORP., 1.2000000000000002, HOYT TRANSPORTATION CORP., 1.0, LOGAN BUS COMPANY INC., 0.9, RELIANT TRANSPORTATION, 0.8
2018-12-20T00:00, G.V.C., 3.3, SELBY TRANSPORTATION, 2.4, PIONEER TRANSPORTATION CORP, 0.6, LEESEL TRANSPORTATION CORP , 0.6, SNT BUS INC, 0.5
2018-12-27T00:00, SELBY TRANSPORTATION, 1.2, VAN TRANS LLC , 0.6, I & Y TRANSIT CORP, 0.4, L & M BUS CORP., 0.4, NEW DAWN TRANSIT, 0.4
2019-01-03T00:00, LEESEL TRANSPORTATION CORP , 439.09999999999997, RELIANT TRANSPORTATION, 92.2, SELBY TRANSPORTATION, 61.0, NEW DAWN TRANSIT, 48.800000000000004, BORO TRANSIT, 37.2
2019-01-10T00:00, LEESEL TRANSPORTATION CORP , 484.2, RELIANT TRANSPORTATION, 120.2, SELBY TRANSPORTATION, 73.0, BORO TRANSIT, 60.7, NEW DAWN TRANSIT, 59.1
2019-01-17T00:00, LEESEL TRANSPORTATION CORP , 440.6, RELIANT TRANSPORTATION, 94.39999999999999, SELBY TRANSPORTATION, 63.4, BORO TRANSIT, 46.199999999999996, NEW DAWN TRANSIT, 42.0
2019-01-24T00:00, LEESEL TRANSPORTATION CORP , 1012.4999999999999, RELIANT TRANSPORTATION, 229.4, SELBY TRANSPORTATION, 148.79999999999998, G.V.C., 103.2, PIONEER TRANSPORTATION CORP, 64.1
2019-01-31T00:00, LEESEL TRANSPORTATION CORP , 1014.3, RELIANT TRANSPORTATION, 220.8, PIONEER TRANSPORTATION CORP, 154.6, SELBY TRANSPORTATION, 140.7, BORO TRANSIT, 130.3
2019-02-07T00:00, LEESEL TRANSPORTATION CORP , 657.0, RELIANT TRANSPORTATION, 183.1, SELBY TRANSPORTATION, 97.0, G.V.C., 78.4, BORO TRANSIT, 64.5
2019-02-14T00:00, LEESEL TRANSPORTATION CORP , 235.29999999999998, G.V.C., 44.4, SELBY TRANSPORTATION, 44.199999999999996, RELIANT TRANSPORTATION, 43.9, PIONEER TRANSPORTATION CORP, 19.0
2019-02-21T00:00, LEESEL TRANSPORTATION CORP , 346.2, RELIANT TRANSPORTATION, 90.5, SELBY TRANSPORTATION, 64.60000000000001, PIONEER TRANSPORTATION CORP, 46.199999999999996, BORO TRANSIT, 41.4
2019-02-28T00:00, LEESEL TRANSPORTATION CORP , 511.7, RELIANT TRANSPORTATION, 136.29999999999998, SELBY TRANSPORTATION, 85.60000000000001, G.V.C., 51.9, PIONEER TRANSPORTATION CORP, 49.6
2019-03-07T00:00, LEESEL TRANSPORTATION CORP , 565.4, RELIANT TRANSPORTATION, 148.39999999999998, SELBY TRANSPORTATION, 96.39999999999999, BORO TRANSIT, 60.300000000000004, G.V.C., 51.699999999999996
2019-03-14T00:00, LEESEL TRANSPORTATION CORP , 480.2, RELIANT TRANSPORTATION, 113.0, SELBY TRANSPORTATION, 70.89999999999999, BORO TRANSIT, 48.4, G.V.C., 45.3
2019-03-21T00:00, LEESEL TRANSPORTATION CORP , 505.09999999999997, RELIANT TRANSPORTATION, 154.8, SELBY TRANSPORTATION, 72.5, BORO TRANSIT, 56.5, PIONEER TRANSPORTATION CORP, 53.4
2019-03-28T00:00, LEESEL TRANSPORTATION CORP , 246.9, RELIANT TRANSPORTATION, 148.5, SELBY TRANSPORTATION, 60.99999999999999, BORO TRANSIT, 60.8, PIONEER TRANSPORTATION CORP, 57.3
2019-04-04T00:00, LEESEL TRANSPORTATION CORP , 251.9, RELIANT TRANSPORTATION, 164.29999999999998, PIONEER TRANSPORTATION CORP, 74.8, SELBY TRANSPORTATION, 55.199999999999996, BORO TRANSIT, 48.3
2019-04-11T00:00, LEESEL TRANSPORTATION CORP , 58.5, RELIANT TRANSPORTATION, 29.2, SNT BUS INC, 14.5, PIONEER TRANSPORTATION CORP, 13.9, SELBY TRANSPORTATION, 13.2
2019-04-18T00:00, G.V.C., 1.4, LEESEL TRANSPORTATION CORP , 0.6, SELBY TRANSPORTATION, 0.6, EMPIRE STATE BUS CORP., 0.3, SNT BUS INC, 0.2
2019-04-25T00:00, G.V.C., 2.1, DON THOMAS BUSES, 0.8999999999999999, BORO TRANSIT, 0.7, ANOTHER RIDE INC., 0.6, L & M BUS CORP., 0.4
2019-05-02T00:00, G.V.C., 5.0, SELBY TRANSPORTATION, 3.5999999999999996, DON THOMAS BUSES, 1.2, LITTLE RICHIE BUS SERVICE, 0.7, LEESEL TRANSPORTATION CORP , 0.6
2019-05-09T00:00, G.V.C., 3.9, SELBY TRANSPORTATION, 1.7999999999999998, SNT BUS INC, 1.4, LITTLE RICHIE BUS SERVICE, 1.4, LEESEL TRANSPORTATION CORP , 1.2
2019-05-16T00:00, LEESEL TRANSPORTATION CORP , 287.2, RELIANT TRANSPORTATION, 129.2, PIONEER TRANSPORTATION CORP, 60.199999999999996, SELBY TRANSPORTATION, 54.5, BORO TRANSIT, 44.5
2019-05-23T00:00, LEESEL TRANSPORTATION CORP , 228.9, RELIANT TRANSPORTATION, 125.80000000000001, SELBY TRANSPORTATION, 61.49999999999999, PIONEER TRANSPORTATION CORP, 57.3, BORO TRANSIT, 38.900000000000006
2019-05-30T00:00, LEESEL TRANSPORTATION CORP , 221.79999999999998, RELIANT TRANSPORTATION, 117.99999999999999, SELBY TRANSPORTATION, 64.7, PIONEER TRANSPORTATION CORP, 63.3, BORO TRANSIT, 54.5
2019-06-06T00:00, LEESEL TRANSPORTATION CORP , 244.7, RELIANT TRANSPORTATION, 78.2, SELBY TRANSPORTATION, 55.5, BORO TRANSIT, 48.6, PIONEER TRANSPORTATION CORP, 40.5
2019-06-13T00:00, LEESEL TRANSPORTATION CORP , 268.1, RELIANT TRANSPORTATION, 83.8, SELBY TRANSPORTATION, 81.8, PIONEER TRANSPORTATION CORP, 55.0, NEW DAWN TRANSIT, 53.10000000000001
2019-06-20T00:00, LEESEL TRANSPORTATION CORP , 238.39999999999998, SELBY TRANSPORTATION, 57.0, RELIANT TRANSPORTATION, 53.9, NEW DAWN TRANSIT, 46.7, G.V.C. LTD. , 40.3
2019-06-27T00:00, SELBY TRANSPORTATION, 2.4, L & M BUS CORP., 1.4, DON THOMAS BUSES, 0.6, G.V.C., 0.3, BORO TRANSIT, 0.2
2019-08-29T00:00, RELIANT TRANSPORTATION, 41.300000000000004, LEESEL TRANSPORTATION CORP , 26.9, PRIDE TRANSPORTATION , 13.4, BORO TRANSIT, 13.2, HOYT TRANSPORTATION CORP., 10.3
2019-09-05T00:00, RELIANT TRANSPORTATION, 451.2, LEESEL TRANSPORTATION CORP , 302.99999999999994, PIONEER TRANSPORTATION CORP, 157.39999999999998, BORO TRANSIT, 153.4, HOYT TRANSPORTATION CORP., 105.2
2019-09-12T00:00, LEESEL TRANSPORTATION CORP , 419.40000000000003, RELIANT TRANSPORTATION, 240.2, PIONEER TRANSPORTATION CORP, 86.0, BORO TRANSIT, 81.1, LITTLE RICHIE BUS SERVICE, 63.1
2019-09-19T00:00, LEESEL TRANSPORTATION CORP , 644.2, RELIANT TRANSPORTATION, 247.7, BORO TRANSIT, 119.7, PIONEER TRANSPORTATION CORP, 87.1, LITTLE RICHIE BUS SERVICE, 83.7
2019-09-26T00:00, LEESEL TRANSPORTATION CORP , 358.9, RELIANT TRANSPORTATION, 156.0, BORO TRANSIT, 50.2, PIONEER TRANSPORTATION CORP, 47.9, HOYT TRANSPORTATION CORP., 39.599999999999994
2019-10-03T00:00, LEESEL TRANSPORTATION CORP , 525.3, RELIANT TRANSPORTATION, 196.9, BORO TRANSIT, 65.7, PRIDE TRANSPORTATION , 64.0, LITTLE RICHIE BUS SERVICE, 59.2
2019-10-10T00:00, LEESEL TRANSPORTATION CORP , 494.4, RELIANT TRANSPORTATION, 175.4, BORO TRANSIT, 84.4, EMPIRE CHARTER SERVICE INC, 44.6, G.V.C., 44.3
2019-10-17T00:00, LEESEL TRANSPORTATION CORP , 718.1, RELIANT TRANSPORTATION, 204.79999999999998, BORO TRANSIT, 87.2, G.V.C., 79.6, PIONEER TRANSPORTATION CORP, 54.8
2019-10-24T00:00, LEESEL TRANSPORTATION CORP , 741.3, RELIANT TRANSPORTATION, 316.0, BORO TRANSIT, 130.4, PIONEER TRANSPORTATION CORP, 90.1, EMPIRE CHARTER SERVICE INC, 74.69999999999999
2019-10-31T00:00, LEESEL TRANSPORTATION CORP , 489.79999999999995, RELIANT TRANSPORTATION, 285.7, BORO TRANSIT, 98.1, SNT BUS INC, 76.6, PIONEER TRANSPORTATION CORP, 70.9
2019-11-07T00:00, LEESEL TRANSPORTATION CORP , 302.3, RELIANT TRANSPORTATION, 158.3, BORO TRANSIT, 83.5, SNT BUS INC, 66.2, EMPIRE CHARTER SERVICE INC, 38.4
2019-11-14T00:00, LEESEL TRANSPORTATION CORP , 657.0, RELIANT TRANSPORTATION, 234.3, BORO TRANSIT, 144.10000000000002, LITTLE RICHIE BUS SERVICE, 76.0, SNT BUS INC, 69.7
